Started at Mon Jan 11 14:06:04 UTC 2021
Processing modelPipe
Offering modelPipe to Project Build Discarder
Processing my_home
Offering my_home to Project Build Discarder
Finished at Mon Jan 11 14:06:04 UTC 2021. 8ms
Started at Mon Jan 11 15:06:04 UTC 2021
Processing modelPipe
Offering modelPipe to Project Build Discarder
Processing my_app
Offering my_app to Project Build Discarder
Processing my_home
Offering my_home to Project Build Discarder
Finished at Mon Jan 11 15:06:04 UTC 2021. 3ms
Started at Mon Jan 11 16:06:04 UTC 2021
Processing modelPipe
Offering modelPipe to Project Build Discarder
Processing my_app
Offering my_app to Project Build Discarder
Processing my_home
Offering my_home to Project Build Discarder
Finished at Mon Jan 11 16:06:04 UTC 2021. 3ms
Started at Mon Jan 11 17:06:04 UTC 2021
Processing modelPipe
Offering modelPipe to Project Build Discarder
Processing my_app
Offering my_app to Project Build Discarder
Processing my_home
Offering my_home to Project Build Discarder
Finished at Mon Jan 11 17:06:04 UTC 2021. 2ms
