2021.01.14 13:52:56 INFO  ce[][o.s.p.ProcessEntryPoint] Starting ce
2021.01.14 13:52:56 INFO  ce[][o.s.ce.app.CeServer] Compute Engine starting up...
2021.01.14 13:52:56 INFO  ce[][o.s.s.e.EsClientProvider] Connected to local Elasticsearch: [http://localhost:9001]
2021.01.14 13:52:57 INFO  ce[][o.sonar.db.Database] Create JDBC data source for jdbc:h2:tcp://127.0.0.1:9092/sonar
2021.01.14 13:52:57 WARN  ce[][o.s.db.dialect.H2] H2 database should be used for evaluation purpose only.
2021.01.14 13:52:58 INFO  ce[][o.s.s.p.ServerFileSystemImpl] SonarQube home: /opt/sonarqube
2021.01.14 13:52:58 INFO  ce[][o.s.c.c.CePluginRepository] Load plugins
2021.01.14 13:52:59 INFO  ce[][o.s.c.c.ComputeEngineContainerImpl] Running Community edition
2021.01.14 13:52:59 INFO  ce[][o.s.ce.app.CeServer] Compute Engine is operational
2021.01.14 13:53:01 INFO  ce[][o.s.c.t.CeWorkerImpl] worker AXcBK703gpZEaWGKogji found no pending task (including indexation task). Disabling indexation task lookup for this worker until next SonarQube restart.
2021.01.14 18:26:29 INFO  ce[][o.s.p.ProcessEntryPoint] Starting ce
2021.01.14 18:26:29 INFO  ce[][o.s.ce.app.CeServer] Compute Engine starting up...
2021.01.14 18:26:29 INFO  ce[][o.s.s.e.EsClientProvider] Connected to local Elasticsearch: [http://localhost:9001]
2021.01.14 18:26:30 INFO  ce[][o.sonar.db.Database] Create JDBC data source for jdbc:h2:tcp://127.0.0.1:9092/sonar
2021.01.14 18:26:30 WARN  ce[][o.s.db.dialect.H2] H2 database should be used for evaluation purpose only.
2021.01.14 18:26:31 INFO  ce[][o.s.s.p.ServerFileSystemImpl] SonarQube home: /opt/sonarqube
2021.01.14 18:26:31 INFO  ce[][o.s.c.c.CePluginRepository] Load plugins
2021.01.14 18:26:32 INFO  ce[][o.s.c.c.ComputeEngineContainerImpl] Running Community edition
2021.01.14 18:26:32 INFO  ce[][o.s.ce.app.CeServer] Compute Engine is operational
2021.01.14 18:26:34 INFO  ce[][o.s.c.t.CeWorkerImpl] worker AXcCJizG-5vBB0aTh2ON found no pending task (including indexation task). Disabling indexation task lookup for this worker until next SonarQube restart.
