2021.01.06 21:53:50 INFO  ce[][o.s.p.ProcessEntryPoint] Starting ce
2021.01.06 21:53:50 INFO  ce[][o.s.ce.app.CeServer] Compute Engine starting up...
2021.01.06 21:53:50 INFO  ce[][o.s.s.e.EsClientProvider] Connected to local Elasticsearch: [http://localhost:9001]
2021.01.06 21:53:51 INFO  ce[][o.sonar.db.Database] Create JDBC data source for jdbc:h2:tcp://127.0.0.1:9092/sonar
2021.01.06 21:53:51 WARN  ce[][o.s.db.dialect.H2] H2 database should be used for evaluation purpose only.
2021.01.06 21:53:52 INFO  ce[][o.s.s.p.ServerFileSystemImpl] SonarQube home: /opt/sonarqube
2021.01.06 21:53:52 INFO  ce[][o.s.c.c.CePluginRepository] Load plugins
2021.01.06 21:53:53 INFO  ce[][o.s.c.c.ComputeEngineContainerImpl] Running Community edition
2021.01.06 21:53:53 INFO  ce[][o.s.ce.app.CeServer] Compute Engine is operational
2021.01.06 21:53:55 INFO  ce[][o.s.c.t.CeWorkerImpl] worker AXbZsSKkmIvl8vhDHQCW found no pending task (including indexation task). Disabling indexation task lookup for this worker until next SonarQube restart.
2021.01.06 21:54:46 INFO  ce[][o.s.p.ProcessEntryPoint] Gracefully stopping process
2021.01.06 21:54:46 INFO  ce[][o.s.ce.app.CeServer] Compute Engine is stopping...
2021.01.06 21:54:46 INFO  ce[][o.s.c.t.CeProcessingSchedulerImpl] Gracefully stopping workers...
2021.01.06 21:54:46 INFO  ce[][o.s.ce.app.CeServer] Compute Engine is stopped
2021.01.06 21:55:43 INFO  ce[][o.s.p.ProcessEntryPoint] Starting ce
2021.01.06 21:55:43 INFO  ce[][o.s.ce.app.CeServer] Compute Engine starting up...
2021.01.06 21:55:43 INFO  ce[][o.s.s.e.EsClientProvider] Connected to local Elasticsearch: [http://localhost:9001]
2021.01.06 21:55:44 INFO  ce[][o.sonar.db.Database] Create JDBC data source for jdbc:h2:tcp://127.0.0.1:9092/sonar
2021.01.06 21:55:44 WARN  ce[][o.s.db.dialect.H2] H2 database should be used for evaluation purpose only.
2021.01.06 21:55:45 INFO  ce[][o.s.s.p.ServerFileSystemImpl] SonarQube home: /opt/sonarqube
2021.01.06 21:55:45 INFO  ce[][o.s.c.c.CePluginRepository] Load plugins
2021.01.06 21:55:46 INFO  ce[][o.s.c.c.ComputeEngineContainerImpl] Running Community edition
2021.01.06 21:55:46 INFO  ce[][o.s.ce.app.CeServer] Compute Engine is operational
2021.01.06 21:55:48 INFO  ce[][o.s.c.t.CeWorkerImpl] worker AXbZstvL69f780h3L_L3 found no pending task (including indexation task). Disabling indexation task lookup for this worker until next SonarQube restart.
2021.01.06 21:59:29 INFO  ce[][o.s.p.ProcessEntryPoint] Starting ce
2021.01.06 21:59:29 INFO  ce[][o.s.ce.app.CeServer] Compute Engine starting up...
2021.01.06 21:59:30 INFO  ce[][o.s.s.e.EsClientProvider] Connected to local Elasticsearch: [http://localhost:9001]
2021.01.06 21:59:30 INFO  ce[][o.sonar.db.Database] Create JDBC data source for jdbc:h2:tcp://127.0.0.1:9092/sonar
2021.01.06 21:59:30 WARN  ce[][o.s.db.dialect.H2] H2 database should be used for evaluation purpose only.
2021.01.06 21:59:31 INFO  ce[][o.s.s.p.ServerFileSystemImpl] SonarQube home: /opt/sonarqube
2021.01.06 21:59:32 INFO  ce[][o.s.c.c.CePluginRepository] Load plugins
2021.01.06 21:59:32 INFO  ce[][o.s.c.c.ComputeEngineContainerImpl] Running Community edition
2021.01.06 21:59:32 INFO  ce[][o.s.ce.app.CeServer] Compute Engine is operational
2021.01.06 21:59:34 INFO  ce[][o.s.c.t.CeWorkerImpl] worker AXbZtlDo_OhNN2RNHGvg found no pending task (including indexation task). Disabling indexation task lookup for this worker until next SonarQube restart.
