2021.01.14 13:51:51 INFO  app[][o.s.a.AppFileSystem] Cleaning or creating temp directory /opt/sonarqube/temp
2021.01.14 13:51:51 INFO  app[][o.s.a.es.EsSettings] Elasticsearch listening on [HTTP: 127.0.0.1:9001, TCP: 127.0.0.1:44977]
2021.01.14 13:51:52 INFO  app[][o.s.a.ProcessLauncherImpl] Launch process[[key='es', ipcIndex=1, logFilenamePrefix=es]] from [/opt/sonarqube/elasticsearch]: /opt/sonarqube/elasticsearch/bin/elasticsearch
2021.01.14 13:51:52 INFO  app[][o.s.a.SchedulerImpl] Waiting for Elasticsearch to be up and running
2021.01.14 13:52:17 INFO  app[][o.s.a.SchedulerImpl] Process[es] is up
2021.01.14 13:52:17 INFO  app[][o.s.a.ProcessLauncherImpl] Launch process[[key='web', ipcIndex=2, logFilenamePrefix=web]] from [/opt/sonarqube]: /opt/java/openjdk/bin/java -Djava.awt.headless=true -Dfile.encoding=UTF-8 -Djava.io.tmpdir=/opt/sonarqube/temp -XX:-OmitStackTraceInFastThrow --add-opens=java.base/java.util=ALL-UNNAMED --add-opens=java.base/java.lang=ALL-UNNAMED --add-opens=java.base/java.io=ALL-UNNAMED --add-opens=java.rmi/sun.rmi.transport=ALL-UNNAMED -Xmx512m -Xms128m -XX:+HeapDumpOnOutOfMemoryError -Dhttp.nonProxyHosts=localhost|127.*|[::1] -cp ./lib/common/*:/opt/sonarqube/lib/jdbc/h2/h2-1.4.199.jar org.sonar.server.app.WebServer /opt/sonarqube/temp/sq-process14707406647858665070properties
2021.01.14 13:52:56 INFO  app[][o.s.a.SchedulerImpl] Process[web] is up
2021.01.14 13:52:56 INFO  app[][o.s.a.ProcessLauncherImpl] Launch process[[key='ce', ipcIndex=3, logFilenamePrefix=ce]] from [/opt/sonarqube]: /opt/java/openjdk/bin/java -Djava.awt.headless=true -Dfile.encoding=UTF-8 -Djava.io.tmpdir=/opt/sonarqube/temp -XX:-OmitStackTraceInFastThrow --add-opens=java.base/java.util=ALL-UNNAMED -Xmx512m -Xms128m -XX:+HeapDumpOnOutOfMemoryError -Dhttp.nonProxyHosts=localhost|127.*|[::1] -cp ./lib/common/*:/opt/sonarqube/lib/jdbc/h2/h2-1.4.199.jar org.sonar.ce.app.CeServer /opt/sonarqube/temp/sq-process8255075651309107338properties
2021.01.14 13:53:00 INFO  app[][o.s.a.SchedulerImpl] Process[ce] is up
2021.01.14 13:53:00 INFO  app[][o.s.a.SchedulerImpl] SonarQube is up
2021.01.14 18:25:07 WARN  app[][o.s.a.p.AbstractManagedProcess] Process exited with exit value [ce]: 134
2021.01.14 18:25:07 INFO  app[][o.s.a.SchedulerImpl] Process[ce] is stopped
2021.01.14 18:25:07 WARN  app[][o.s.a.p.AbstractManagedProcess] Process exited with exit value [web]: 134
2021.01.14 18:25:07 INFO  app[][o.s.a.SchedulerImpl] Process[web] is stopped
2021.01.14 18:25:08 INFO  app[][o.s.a.SchedulerImpl] Process[es] is stopped
2021.01.14 18:25:08 WARN  app[][o.s.a.p.AbstractManagedProcess] Process exited with exit value [es]: 143
2021.01.14 18:25:08 INFO  app[][o.s.a.SchedulerImpl] SonarQube is stopped
2021.01.14 18:25:17 INFO  app[][o.s.a.AppFileSystem] Cleaning or creating temp directory /opt/sonarqube/temp
2021.01.14 18:25:17 INFO  app[][o.s.a.es.EsSettings] Elasticsearch listening on [HTTP: 127.0.0.1:9001, TCP: 127.0.0.1:32933]
2021.01.14 18:25:17 INFO  app[][o.s.a.ProcessLauncherImpl] Launch process[[key='es', ipcIndex=1, logFilenamePrefix=es]] from [/opt/sonarqube/elasticsearch]: /opt/sonarqube/elasticsearch/bin/elasticsearch
2021.01.14 18:25:17 INFO  app[][o.s.a.SchedulerImpl] Waiting for Elasticsearch to be up and running
2021.01.14 18:25:21 INFO  app[][o.s.a.AppFileSystem] Cleaning or creating temp directory /opt/sonarqube/temp
2021.01.14 18:25:27 INFO  app[][o.s.a.AppFileSystem] Cleaning or creating temp directory /opt/sonarqube/temp
2021.01.14 18:25:27 INFO  app[][o.s.a.es.EsSettings] Elasticsearch listening on [HTTP: 127.0.0.1:9001, TCP: 127.0.0.1:37199]
2021.01.14 18:25:27 INFO  app[][o.s.a.ProcessLauncherImpl] Launch process[[key='es', ipcIndex=1, logFilenamePrefix=es]] from [/opt/sonarqube/elasticsearch]: /opt/sonarqube/elasticsearch/bin/elasticsearch
2021.01.14 18:25:28 INFO  app[][o.s.a.SchedulerImpl] Waiting for Elasticsearch to be up and running
2021.01.14 18:26:07 INFO  app[][o.s.a.SchedulerImpl] Process[es] is up
2021.01.14 18:26:07 INFO  app[][o.s.a.ProcessLauncherImpl] Launch process[[key='web', ipcIndex=2, logFilenamePrefix=web]] from [/opt/sonarqube]: /opt/java/openjdk/bin/java -Djava.awt.headless=true -Dfile.encoding=UTF-8 -Djava.io.tmpdir=/opt/sonarqube/temp -XX:-OmitStackTraceInFastThrow --add-opens=java.base/java.util=ALL-UNNAMED --add-opens=java.base/java.lang=ALL-UNNAMED --add-opens=java.base/java.io=ALL-UNNAMED --add-opens=java.rmi/sun.rmi.transport=ALL-UNNAMED -Xmx512m -Xms128m -XX:+HeapDumpOnOutOfMemoryError -Dhttp.nonProxyHosts=localhost|127.*|[::1] -cp ./lib/common/*:/opt/sonarqube/lib/jdbc/h2/h2-1.4.199.jar org.sonar.server.app.WebServer /opt/sonarqube/temp/sq-process15064381726368550644properties
2021.01.14 18:26:29 INFO  app[][o.s.a.SchedulerImpl] Process[web] is up
2021.01.14 18:26:29 INFO  app[][o.s.a.ProcessLauncherImpl] Launch process[[key='ce', ipcIndex=3, logFilenamePrefix=ce]] from [/opt/sonarqube]: /opt/java/openjdk/bin/java -Djava.awt.headless=true -Dfile.encoding=UTF-8 -Djava.io.tmpdir=/opt/sonarqube/temp -XX:-OmitStackTraceInFastThrow --add-opens=java.base/java.util=ALL-UNNAMED -Xmx512m -Xms128m -XX:+HeapDumpOnOutOfMemoryError -Dhttp.nonProxyHosts=localhost|127.*|[::1] -cp ./lib/common/*:/opt/sonarqube/lib/jdbc/h2/h2-1.4.199.jar org.sonar.ce.app.CeServer /opt/sonarqube/temp/sq-process16553646969283683596properties
2021.01.14 18:26:32 INFO  app[][o.s.a.SchedulerImpl] Process[ce] is up
2021.01.14 18:26:32 INFO  app[][o.s.a.SchedulerImpl] SonarQube is up
