2021.01.06 21:53:11 INFO  app[][o.s.a.AppFileSystem] Cleaning or creating temp directory /opt/sonarqube/temp
2021.01.06 21:53:11 INFO  app[][o.s.a.es.EsSettings] Elasticsearch listening on [HTTP: 127.0.0.1:9001, TCP: 127.0.0.1:39127]
2021.01.06 21:53:11 INFO  app[][o.s.a.ProcessLauncherImpl] Launch process[[key='es', ipcIndex=1, logFilenamePrefix=es]] from [/opt/sonarqube/elasticsearch]: /opt/sonarqube/elasticsearch/bin/elasticsearch
2021.01.06 21:53:11 INFO  app[][o.s.a.SchedulerImpl] Waiting for Elasticsearch to be up and running
2021.01.06 21:53:26 INFO  app[][o.s.a.SchedulerImpl] Process[es] is up
2021.01.06 21:53:26 INFO  app[][o.s.a.ProcessLauncherImpl] Launch process[[key='web', ipcIndex=2, logFilenamePrefix=web]] from [/opt/sonarqube]: /opt/java/openjdk/bin/java -Djava.awt.headless=true -Dfile.encoding=UTF-8 -Djava.io.tmpdir=/opt/sonarqube/temp -XX:-OmitStackTraceInFastThrow --add-opens=java.base/java.util=ALL-UNNAMED --add-opens=java.base/java.lang=ALL-UNNAMED --add-opens=java.base/java.io=ALL-UNNAMED --add-opens=java.rmi/sun.rmi.transport=ALL-UNNAMED -Xmx512m -Xms128m -XX:+HeapDumpOnOutOfMemoryError -Dhttp.nonProxyHosts=localhost|127.*|[::1] -cp ./lib/common/*:/opt/sonarqube/lib/jdbc/h2/h2-1.4.199.jar org.sonar.server.app.WebServer /opt/sonarqube/temp/sq-process8707111881894602179properties
2021.01.06 21:53:50 INFO  app[][o.s.a.SchedulerImpl] Process[web] is up
2021.01.06 21:53:50 INFO  app[][o.s.a.ProcessLauncherImpl] Launch process[[key='ce', ipcIndex=3, logFilenamePrefix=ce]] from [/opt/sonarqube]: /opt/java/openjdk/bin/java -Djava.awt.headless=true -Dfile.encoding=UTF-8 -Djava.io.tmpdir=/opt/sonarqube/temp -XX:-OmitStackTraceInFastThrow --add-opens=java.base/java.util=ALL-UNNAMED -Xmx512m -Xms128m -XX:+HeapDumpOnOutOfMemoryError -Dhttp.nonProxyHosts=localhost|127.*|[::1] -cp ./lib/common/*:/opt/sonarqube/lib/jdbc/h2/h2-1.4.199.jar org.sonar.ce.app.CeServer /opt/sonarqube/temp/sq-process14547514032648433600properties
2021.01.06 21:53:53 INFO  app[][o.s.a.SchedulerImpl] Process[ce] is up
2021.01.06 21:53:53 INFO  app[][o.s.a.SchedulerImpl] SonarQube is up
2021.01.06 21:54:46 INFO  app[][o.s.a.SchedulerImpl] Stopping SonarQube
2021.01.06 21:54:46 INFO  app[][o.s.a.SchedulerImpl] Process[ce] is stopped
2021.01.06 21:54:47 INFO  app[][o.s.a.SchedulerImpl] Process[web] is stopped
2021.01.06 21:54:47 WARN  app[][o.s.a.p.AbstractManagedProcess] Process exited with exit value [es]: 143
2021.01.06 21:54:47 INFO  app[][o.s.a.SchedulerImpl] Process[es] is stopped
2021.01.06 21:54:47 INFO  app[][o.s.a.SchedulerImpl] SonarQube is stopped
2021.01.06 21:54:50 INFO  app[][o.s.a.AppFileSystem] Cleaning or creating temp directory /opt/sonarqube/temp
2021.01.06 21:54:50 INFO  app[][o.s.a.es.EsSettings] Elasticsearch listening on [HTTP: 127.0.0.1:9001, TCP: 127.0.0.1:35261]
2021.01.06 21:54:50 INFO  app[][o.s.a.ProcessLauncherImpl] Launch process[[key='es', ipcIndex=1, logFilenamePrefix=es]] from [/opt/sonarqube/elasticsearch]: /opt/sonarqube/elasticsearch/bin/elasticsearch
2021.01.06 21:54:50 INFO  app[][o.s.a.SchedulerImpl] Waiting for Elasticsearch to be up and running
2021.01.06 21:55:01 INFO  app[][o.s.a.SchedulerImpl] Stopping SonarQube
2021.01.06 21:55:02 WARN  app[][o.s.a.p.AbstractManagedProcess] Process exited with exit value [es]: 143
2021.01.06 21:55:02 INFO  app[][o.s.a.SchedulerImpl] Process[es] is stopped
2021.01.06 21:55:02 INFO  app[][o.s.a.SchedulerImpl] SonarQube is stopped
2021.01.06 21:55:09 INFO  app[][o.s.a.AppFileSystem] Cleaning or creating temp directory /opt/sonarqube/temp
2021.01.06 21:55:09 INFO  app[][o.s.a.es.EsSettings] Elasticsearch listening on [HTTP: 127.0.0.1:9001, TCP: 127.0.0.1:37355]
2021.01.06 21:55:09 INFO  app[][o.s.a.ProcessLauncherImpl] Launch process[[key='es', ipcIndex=1, logFilenamePrefix=es]] from [/opt/sonarqube/elasticsearch]: /opt/sonarqube/elasticsearch/bin/elasticsearch
2021.01.06 21:55:09 INFO  app[][o.s.a.SchedulerImpl] Waiting for Elasticsearch to be up and running
2021.01.06 21:55:20 INFO  app[][o.s.a.SchedulerImpl] Process[es] is up
2021.01.06 21:55:20 INFO  app[][o.s.a.ProcessLauncherImpl] Launch process[[key='web', ipcIndex=2, logFilenamePrefix=web]] from [/opt/sonarqube]: /opt/java/openjdk/bin/java -Djava.awt.headless=true -Dfile.encoding=UTF-8 -Djava.io.tmpdir=/opt/sonarqube/temp -XX:-OmitStackTraceInFastThrow --add-opens=java.base/java.util=ALL-UNNAMED --add-opens=java.base/java.lang=ALL-UNNAMED --add-opens=java.base/java.io=ALL-UNNAMED --add-opens=java.rmi/sun.rmi.transport=ALL-UNNAMED -Xmx512m -Xms128m -XX:+HeapDumpOnOutOfMemoryError -Dhttp.nonProxyHosts=localhost|127.*|[::1] -cp ./lib/common/*:/opt/sonarqube/lib/jdbc/h2/h2-1.4.199.jar org.sonar.server.app.WebServer /opt/sonarqube/temp/sq-process11678066577478179322properties
2021.01.06 21:55:43 INFO  app[][o.s.a.SchedulerImpl] Process[web] is up
2021.01.06 21:55:43 INFO  app[][o.s.a.ProcessLauncherImpl] Launch process[[key='ce', ipcIndex=3, logFilenamePrefix=ce]] from [/opt/sonarqube]: /opt/java/openjdk/bin/java -Djava.awt.headless=true -Dfile.encoding=UTF-8 -Djava.io.tmpdir=/opt/sonarqube/temp -XX:-OmitStackTraceInFastThrow --add-opens=java.base/java.util=ALL-UNNAMED -Xmx512m -Xms128m -XX:+HeapDumpOnOutOfMemoryError -Dhttp.nonProxyHosts=localhost|127.*|[::1] -cp ./lib/common/*:/opt/sonarqube/lib/jdbc/h2/h2-1.4.199.jar org.sonar.ce.app.CeServer /opt/sonarqube/temp/sq-process8044839414601569433properties
2021.01.06 21:55:46 INFO  app[][o.s.a.SchedulerImpl] Process[ce] is up
2021.01.06 21:55:46 INFO  app[][o.s.a.SchedulerImpl] SonarQube is up
2021.01.06 21:57:43 INFO  app[][o.s.a.SchedulerImpl] Stopping SonarQube
2021.01.06 21:57:59 INFO  app[][o.s.a.AppFileSystem] Cleaning or creating temp directory /opt/sonarqube/temp
2021.01.06 21:57:59 INFO  app[][o.s.a.es.EsSettings] Elasticsearch listening on [HTTP: 127.0.0.1:9001, TCP: 127.0.0.1:33435]
2021.01.06 21:57:59 INFO  app[][o.s.a.ProcessLauncherImpl] Launch process[[key='es', ipcIndex=1, logFilenamePrefix=es]] from [/opt/sonarqube/elasticsearch]: /opt/sonarqube/elasticsearch/bin/elasticsearch
2021.01.06 21:57:59 INFO  app[][o.s.a.SchedulerImpl] Waiting for Elasticsearch to be up and running
2021.01.06 21:58:09 INFO  app[][o.s.a.SchedulerImpl] Process[es] is up
2021.01.06 21:58:09 INFO  app[][o.s.a.ProcessLauncherImpl] Launch process[[key='web', ipcIndex=2, logFilenamePrefix=web]] from [/opt/sonarqube]: /opt/java/openjdk/bin/java -Djava.awt.headless=true -Dfile.encoding=UTF-8 -Djava.io.tmpdir=/opt/sonarqube/temp -XX:-OmitStackTraceInFastThrow --add-opens=java.base/java.util=ALL-UNNAMED --add-opens=java.base/java.lang=ALL-UNNAMED --add-opens=java.base/java.io=ALL-UNNAMED --add-opens=java.rmi/sun.rmi.transport=ALL-UNNAMED -Xmx512m -Xms128m -XX:+HeapDumpOnOutOfMemoryError -Dhttp.nonProxyHosts=localhost|127.*|[::1] -cp ./lib/common/*:/opt/sonarqube/lib/jdbc/h2/h2-1.4.199.jar org.sonar.server.app.WebServer /opt/sonarqube/temp/sq-process10029730485842244479properties
2021.01.06 21:58:28 INFO  app[][o.s.a.SchedulerImpl] Stopping SonarQube
2021.01.06 21:58:38 INFO  app[][o.s.a.SchedulerImpl] Process[web] is stopped
2021.01.06 21:58:47 INFO  app[][o.s.a.AppFileSystem] Cleaning or creating temp directory /opt/sonarqube/temp
2021.01.06 21:58:47 INFO  app[][o.s.a.es.EsSettings] Elasticsearch listening on [HTTP: 127.0.0.1:9001, TCP: 127.0.0.1:34549]
2021.01.06 21:58:47 INFO  app[][o.s.a.ProcessLauncherImpl] Launch process[[key='es', ipcIndex=1, logFilenamePrefix=es]] from [/opt/sonarqube/elasticsearch]: /opt/sonarqube/elasticsearch/bin/elasticsearch
2021.01.06 21:58:47 INFO  app[][o.s.a.SchedulerImpl] Waiting for Elasticsearch to be up and running
2021.01.06 21:59:03 INFO  app[][o.s.a.SchedulerImpl] Process[es] is up
2021.01.06 21:59:03 INFO  app[][o.s.a.ProcessLauncherImpl] Launch process[[key='web', ipcIndex=2, logFilenamePrefix=web]] from [/opt/sonarqube]: /opt/java/openjdk/bin/java -Djava.awt.headless=true -Dfile.encoding=UTF-8 -Djava.io.tmpdir=/opt/sonarqube/temp -XX:-OmitStackTraceInFastThrow --add-opens=java.base/java.util=ALL-UNNAMED --add-opens=java.base/java.lang=ALL-UNNAMED --add-opens=java.base/java.io=ALL-UNNAMED --add-opens=java.rmi/sun.rmi.transport=ALL-UNNAMED -Xmx512m -Xms128m -XX:+HeapDumpOnOutOfMemoryError -Dhttp.nonProxyHosts=localhost|127.*|[::1] -cp ./lib/common/*:/opt/sonarqube/lib/jdbc/h2/h2-1.4.199.jar org.sonar.server.app.WebServer /opt/sonarqube/temp/sq-process1933388294002253362properties
2021.01.06 21:59:29 INFO  app[][o.s.a.SchedulerImpl] Process[web] is up
2021.01.06 21:59:29 INFO  app[][o.s.a.ProcessLauncherImpl] Launch process[[key='ce', ipcIndex=3, logFilenamePrefix=ce]] from [/opt/sonarqube]: /opt/java/openjdk/bin/java -Djava.awt.headless=true -Dfile.encoding=UTF-8 -Djava.io.tmpdir=/opt/sonarqube/temp -XX:-OmitStackTraceInFastThrow --add-opens=java.base/java.util=ALL-UNNAMED -Xmx512m -Xms128m -XX:+HeapDumpOnOutOfMemoryError -Dhttp.nonProxyHosts=localhost|127.*|[::1] -cp ./lib/common/*:/opt/sonarqube/lib/jdbc/h2/h2-1.4.199.jar org.sonar.ce.app.CeServer /opt/sonarqube/temp/sq-process12143725046374296647properties
2021.01.06 21:59:33 INFO  app[][o.s.a.SchedulerImpl] Process[ce] is up
2021.01.06 21:59:33 INFO  app[][o.s.a.SchedulerImpl] SonarQube is up
