2021.01.06 21:53:26 INFO  web[][o.s.p.ProcessEntryPoint] Starting web
2021.01.06 21:53:27 INFO  web[][o.a.t.u.n.NioSelectorPool] Using a shared selector for servlet write/read
2021.01.06 21:53:28 INFO  web[][o.s.s.e.EsClientProvider] Connected to local Elasticsearch: [http://localhost:9001]
2021.01.06 21:53:28 INFO  web[][o.s.s.p.LogServerVersion] SonarQube Server / 8.6.0.39681 / ec0774da531f570fa05a9f2aab7f165f71c9c071
2021.01.06 21:53:29 INFO  web[][o.s.s.p.d.EmbeddedDatabase] Starting embedded database on port 9092 with url jdbc:h2:tcp://127.0.0.1:9092/sonar
2021.01.06 21:53:29 INFO  web[][o.s.s.p.d.EmbeddedDatabase] Embedded database started. Data stored in: /opt/sonarqube/data
2021.01.06 21:53:29 INFO  web[][o.sonar.db.Database] Create JDBC data source for jdbc:h2:tcp://127.0.0.1:9092/sonar
2021.01.06 21:53:30 WARN  web[][o.s.db.dialect.H2] H2 database should be used for evaluation purpose only.
2021.01.06 21:53:31 INFO  web[][o.s.s.p.ServerFileSystemImpl] SonarQube home: /opt/sonarqube
2021.01.06 21:53:31 INFO  web[][o.s.s.u.SystemPasscodeImpl] System authentication by passcode is disabled
2021.01.06 21:53:31 INFO  web[][o.s.s.p.ServerPluginManager] Deploy plugin C# Code Quality and Security / 8.15.0.24505 / 0ab8ff1bd890e5c7f58be18371624bf305a20d1e
2021.01.06 21:53:31 INFO  web[][o.s.s.p.ServerPluginManager] Deploy plugin CSS Code Quality and Security / 1.3.1.1642 / f249c9f1b256ec276f3ba6d6d900a64849119709
2021.01.06 21:53:31 INFO  web[][o.s.s.p.ServerPluginManager] Deploy plugin Flex Code Quality and Security / 2.6.0.2294 / 64746e0c588ddd44f3216ae1ee02a01bcf6b2dac
2021.01.06 21:53:31 INFO  web[][o.s.s.p.ServerPluginManager] Deploy plugin Go Code Quality and Security / 1.8.1.1804 / 888f27a951191447348dd4555b2dcb84f89581ee
2021.01.06 21:53:31 INFO  web[][o.s.s.p.ServerPluginManager] Deploy plugin HTML Code Quality and Security / 3.3.0.2534 / 18c0ca03dae915ebe9bc9bd71345b3290db1d5a5
2021.01.06 21:53:31 INFO  web[][o.s.s.p.ServerPluginManager] Deploy plugin JaCoCo / 1.1.0.898 / f65b288e6c2888393bd7fb72ad7ac1425f88eebf
2021.01.06 21:53:31 INFO  web[][o.s.s.p.ServerPluginManager] Deploy plugin Java Code Quality and Security / 6.9.0.23563 / 970d69bbeb741abed1ef65a1e641a847af9bf0e3
2021.01.06 21:53:31 INFO  web[][o.s.s.p.ServerPluginManager] Deploy plugin JavaScript/TypeScript Code Quality and Security / 7.0.1.14561 / 1f9a0b83a4ad7082ea244f7e0b70c659ec8184c2
2021.01.06 21:53:31 INFO  web[][o.s.s.p.ServerPluginManager] Deploy plugin Kotlin Code Quality and Security / 1.8.1.1804 / 888f27a951191447348dd4555b2dcb84f89581ee
2021.01.06 21:53:31 INFO  web[][o.s.s.p.ServerPluginManager] Deploy plugin PHP Code Quality and Security / 3.13.0.6849 / 305515faa80c1572df85b0a9625cab8c83fbd96f
2021.01.06 21:53:31 INFO  web[][o.s.s.p.ServerPluginManager] Deploy plugin Python Code Quality and Security / 3.1.0.7619 / afa4cc5b20ce4ae18a7cba39f196ea7bee64eaa0
2021.01.06 21:53:31 INFO  web[][o.s.s.p.ServerPluginManager] Deploy plugin Ruby Code Quality and Security / 1.8.1.1804 / 888f27a951191447348dd4555b2dcb84f89581ee
2021.01.06 21:53:31 INFO  web[][o.s.s.p.ServerPluginManager] Deploy plugin Scala Code Quality and Security / 1.8.1.1804 / 888f27a951191447348dd4555b2dcb84f89581ee
2021.01.06 21:53:31 INFO  web[][o.s.s.p.ServerPluginManager] Deploy plugin SonarXML / 2.0.1.2020 / c5b84004face582d56f110e24c29bf9c6a679e69
2021.01.06 21:53:31 INFO  web[][o.s.s.p.ServerPluginManager] Deploy plugin VB.NET Code Quality and Security / 8.15.0.24505 / 0ab8ff1bd890e5c7f58be18371624bf305a20d1e
2021.01.06 21:53:38 INFO  web[][o.s.s.p.w.MasterServletFilter] Initializing servlet filter org.sonar.server.platform.web.WebServiceFilter@4b4e8d56 [pattern=UrlPattern{inclusions=[/api/system/migrate_db.*, ...], exclusions=[/api/components/update_key, ...]}]
2021.01.06 21:53:38 INFO  web[][o.s.s.a.EmbeddedTomcat] HTTP connector enabled on port 9000
2021.01.06 21:53:39 INFO  web[][o.s.s.p.UpdateCenterClient] Update center: https://update.sonarsource.org/update-center.properties (no proxy)
2021.01.06 21:53:40 INFO  web[][o.s.s.s.LogServerId] Server ID: BF41A1F2-AXbSrNtte8cWhir78xP8
2021.01.06 21:53:40 WARN  web[][o.s.s.a.LogOAuthWarning] For security reasons, OAuth authentication should use HTTPS. You should set the property 'Administration > Configuration > Server base URL' to a HTTPS URL.
2021.01.06 21:53:40 WARN  web[][o.s.a.s.w.WebService$Action] The response example is not set on action api/plugins/download
2021.01.06 21:53:40 WARN  web[][o.s.a.s.w.WebService$Action] The response example is not set on action api/permissions/search_templates
2021.01.06 21:53:40 INFO  web[][o.s.s.t.TelemetryDaemon] Sharing of SonarQube statistics is enabled.
2021.01.06 21:53:40 INFO  web[][o.s.s.n.NotificationDaemon] Notification service started (delay 60 sec.)
2021.01.06 21:53:40 INFO  web[][o.s.s.a.p.ExpiredSessionsCleaner] Purge of expired session tokens has removed 0 elements
2021.01.06 21:53:40 INFO  web[][o.s.s.a.p.ExpiredSessionsCleaner] Purge of expired SAML message ids has removed 0 elements
2021.01.06 21:53:40 INFO  web[][o.s.s.s.GeneratePluginIndex] Generate scanner plugin index
2021.01.06 21:53:40 INFO  web[][o.s.s.s.RegisterPlugins] Register plugins
2021.01.06 21:53:40 INFO  web[][o.s.s.s.RegisterMetrics] Register metrics
2021.01.06 21:53:40 INFO  web[][o.s.s.r.RegisterRules] Register rules
2021.01.06 21:53:47 INFO  web[][o.s.s.q.BuiltInQProfileRepositoryImpl] Load quality profiles
2021.01.06 21:53:48 INFO  web[][o.s.s.q.RegisterQualityProfiles] Register quality profiles
2021.01.06 21:53:48 INFO  web[][o.s.s.q.RegisterQualityProfiles] Update profile css/Sonar way
2021.01.06 21:53:48 INFO  web[][o.s.s.q.RegisterQualityProfiles] Update profile scala/Sonar way
2021.01.06 21:53:48 INFO  web[][o.s.s.q.RegisterQualityProfiles] Update profile jsp/Sonar way
2021.01.06 21:53:48 INFO  web[][o.s.s.q.RegisterQualityProfiles] Update profile go/Sonar way
2021.01.06 21:53:48 INFO  web[][o.s.s.q.RegisterQualityProfiles] Update profile kotlin/Sonar way
2021.01.06 21:53:48 INFO  web[][o.s.s.q.RegisterQualityProfiles] Update profile js/Sonar way
2021.01.06 21:53:48 INFO  web[][o.s.s.q.RegisterQualityProfiles] Update profile js/Sonar way Recommended
2021.01.06 21:53:48 INFO  web[][o.s.s.q.RegisterQualityProfiles] Update profile py/Sonar way
2021.01.06 21:53:48 INFO  web[][o.s.s.q.RegisterQualityProfiles] Update profile ruby/Sonar way
2021.01.06 21:53:48 INFO  web[][o.s.s.q.RegisterQualityProfiles] Update profile cs/Sonar way
2021.01.06 21:53:48 INFO  web[][o.s.s.q.RegisterQualityProfiles] Update profile java/Sonar way
2021.01.06 21:53:49 INFO  web[][o.s.s.q.RegisterQualityProfiles] Update profile web/Sonar way
2021.01.06 21:53:49 INFO  web[][o.s.s.q.RegisterQualityProfiles] Update profile flex/Sonar way
2021.01.06 21:53:49 INFO  web[][o.s.s.q.RegisterQualityProfiles] Update profile xml/Sonar way
2021.01.06 21:53:49 INFO  web[][o.s.s.q.RegisterQualityProfiles] Update profile php/Sonar way
2021.01.06 21:53:49 INFO  web[][o.s.s.q.RegisterQualityProfiles] Update profile php/PSR-2
2021.01.06 21:53:49 INFO  web[][o.s.s.q.RegisterQualityProfiles] Update profile php/Drupal
2021.01.06 21:53:49 INFO  web[][o.s.s.q.RegisterQualityProfiles] Update profile vbnet/Sonar way
2021.01.06 21:53:49 INFO  web[][o.s.s.q.RegisterQualityProfiles] Update profile ts/Sonar way
2021.01.06 21:53:49 INFO  web[][o.s.s.q.RegisterQualityProfiles] Update profile ts/Sonar way recommended
2021.01.06 21:53:49 INFO  web[][o.s.s.s.RegisterPermissionTemplates] Register permission templates
2021.01.06 21:53:49 INFO  web[][o.s.s.s.RenameDeprecatedPropertyKeys] Rename deprecated property keys
2021.01.06 21:53:49 INFO  web[][o.s.s.p.w.MasterServletFilter] Initializing servlet filter org.sonar.server.platform.web.WebServiceFilter@31248143 [pattern=UrlPattern{inclusions=[/api/issues/delete_comment.*, ...], exclusions=[/api/authentication/login.*, ...]}]
2021.01.06 21:53:49 INFO  web[][o.s.s.p.w.MasterServletFilter] Initializing servlet filter org.sonar.server.platform.web.WebServiceReroutingFilter@41327565 [pattern=UrlPattern{inclusions=[/api/components/bulk_update_key, ...], exclusions=[]}]
2021.01.06 21:53:49 INFO  web[][o.s.s.p.w.MasterServletFilter] Initializing servlet filter org.sonar.server.authentication.InitFilter@7b21bef9 [pattern=UrlPattern{inclusions=[/sessions/init/*], exclusions=[]}]
2021.01.06 21:53:49 INFO  web[][o.s.s.p.w.MasterServletFilter] Initializing servlet filter org.sonar.server.authentication.OAuth2CallbackFilter@218cbac4 [pattern=UrlPattern{inclusions=[/oauth2/callback/*], exclusions=[]}]
2021.01.06 21:53:49 INFO  web[][o.s.s.p.w.MasterServletFilter] Initializing servlet filter org.sonar.server.authentication.ResetPasswordFilter@130c5144 [pattern=UrlPattern{inclusions=[/*], exclusions=[*.css, ...]}]
2021.01.06 21:53:49 INFO  web[][o.s.s.p.w.MasterServletFilter] Initializing servlet filter org.sonar.server.authentication.ws.LoginAction@6754b456 [pattern=UrlPattern{inclusions=[/api/authentication/login], exclusions=[]}]
2021.01.06 21:53:49 INFO  web[][o.s.s.p.w.MasterServletFilter] Initializing servlet filter org.sonar.server.authentication.ws.LogoutAction@2e307990 [pattern=UrlPattern{inclusions=[/api/authentication/logout], exclusions=[]}]
2021.01.06 21:53:49 INFO  web[][o.s.s.p.w.MasterServletFilter] Initializing servlet filter org.sonar.server.authentication.ws.ValidateAction@6a05a072 [pattern=UrlPattern{inclusions=[/api/authentication/validate], exclusions=[]}]
2021.01.06 21:53:49 INFO  web[][o.s.s.q.ProjectsInWarningDaemon] Counting number of projects in warning is not started as there are no projects in this situation.
2021.01.06 21:53:49 INFO  web[][o.s.s.p.p.PlatformLevelStartup] Running Community Edition
2021.01.06 21:53:49 INFO  web[][o.s.s.p.Platform] WebServer is operational
2021.01.06 21:54:46 INFO  web[][o.s.p.ProcessEntryPoint] Gracefully stopping process
2021.01.06 21:54:46 INFO  web[][o.s.s.n.NotificationDaemon] Notification service stopped
2021.01.06 21:54:47 INFO  web[][o.s.s.p.d.EmbeddedDatabase] Embedded database stopped
2021.01.06 21:54:47 INFO  web[][o.s.s.app.WebServer] WebServer stopped
2021.01.06 21:55:20 INFO  web[][o.s.p.ProcessEntryPoint] Starting web
2021.01.06 21:55:20 INFO  web[][o.a.t.u.n.NioSelectorPool] Using a shared selector for servlet write/read
2021.01.06 21:55:21 INFO  web[][o.s.s.e.EsClientProvider] Connected to local Elasticsearch: [http://localhost:9001]
2021.01.06 21:55:21 INFO  web[][o.s.s.p.LogServerVersion] SonarQube Server / 8.6.0.39681 / ec0774da531f570fa05a9f2aab7f165f71c9c071
2021.01.06 21:55:22 INFO  web[][o.s.s.p.d.EmbeddedDatabase] Starting embedded database on port 9092 with url jdbc:h2:tcp://127.0.0.1:9092/sonar
2021.01.06 21:55:22 INFO  web[][o.s.s.p.d.EmbeddedDatabase] Embedded database started. Data stored in: /opt/sonarqube/data
2021.01.06 21:55:22 INFO  web[][o.sonar.db.Database] Create JDBC data source for jdbc:h2:tcp://127.0.0.1:9092/sonar
2021.01.06 21:55:22 WARN  web[][o.s.db.dialect.H2] H2 database should be used for evaluation purpose only.
2021.01.06 21:55:23 INFO  web[][o.s.s.p.ServerFileSystemImpl] SonarQube home: /opt/sonarqube
2021.01.06 21:55:23 INFO  web[][o.s.s.u.SystemPasscodeImpl] System authentication by passcode is disabled
2021.01.06 21:55:23 INFO  web[][o.s.s.p.ServerPluginManager] Deploy plugin C# Code Quality and Security / 8.15.0.24505 / 0ab8ff1bd890e5c7f58be18371624bf305a20d1e
2021.01.06 21:55:23 INFO  web[][o.s.s.p.ServerPluginManager] Deploy plugin CSS Code Quality and Security / 1.3.1.1642 / f249c9f1b256ec276f3ba6d6d900a64849119709
2021.01.06 21:55:23 INFO  web[][o.s.s.p.ServerPluginManager] Deploy plugin Flex Code Quality and Security / 2.6.0.2294 / 64746e0c588ddd44f3216ae1ee02a01bcf6b2dac
2021.01.06 21:55:23 INFO  web[][o.s.s.p.ServerPluginManager] Deploy plugin Go Code Quality and Security / 1.8.1.1804 / 888f27a951191447348dd4555b2dcb84f89581ee
2021.01.06 21:55:23 INFO  web[][o.s.s.p.ServerPluginManager] Deploy plugin HTML Code Quality and Security / 3.3.0.2534 / 18c0ca03dae915ebe9bc9bd71345b3290db1d5a5
2021.01.06 21:55:23 INFO  web[][o.s.s.p.ServerPluginManager] Deploy plugin JaCoCo / 1.1.0.898 / f65b288e6c2888393bd7fb72ad7ac1425f88eebf
2021.01.06 21:55:23 INFO  web[][o.s.s.p.ServerPluginManager] Deploy plugin Java Code Quality and Security / 6.9.0.23563 / 970d69bbeb741abed1ef65a1e641a847af9bf0e3
2021.01.06 21:55:23 INFO  web[][o.s.s.p.ServerPluginManager] Deploy plugin JavaScript/TypeScript Code Quality and Security / 7.0.1.14561 / 1f9a0b83a4ad7082ea244f7e0b70c659ec8184c2
2021.01.06 21:55:23 INFO  web[][o.s.s.p.ServerPluginManager] Deploy plugin Kotlin Code Quality and Security / 1.8.1.1804 / 888f27a951191447348dd4555b2dcb84f89581ee
2021.01.06 21:55:23 INFO  web[][o.s.s.p.ServerPluginManager] Deploy plugin PHP Code Quality and Security / 3.13.0.6849 / 305515faa80c1572df85b0a9625cab8c83fbd96f
2021.01.06 21:55:23 INFO  web[][o.s.s.p.ServerPluginManager] Deploy plugin Python Code Quality and Security / 3.1.0.7619 / afa4cc5b20ce4ae18a7cba39f196ea7bee64eaa0
2021.01.06 21:55:23 INFO  web[][o.s.s.p.ServerPluginManager] Deploy plugin Ruby Code Quality and Security / 1.8.1.1804 / 888f27a951191447348dd4555b2dcb84f89581ee
2021.01.06 21:55:23 INFO  web[][o.s.s.p.ServerPluginManager] Deploy plugin Scala Code Quality and Security / 1.8.1.1804 / 888f27a951191447348dd4555b2dcb84f89581ee
2021.01.06 21:55:23 INFO  web[][o.s.s.p.ServerPluginManager] Deploy plugin SonarXML / 2.0.1.2020 / c5b84004face582d56f110e24c29bf9c6a679e69
2021.01.06 21:55:23 INFO  web[][o.s.s.p.ServerPluginManager] Deploy plugin VB.NET Code Quality and Security / 8.15.0.24505 / 0ab8ff1bd890e5c7f58be18371624bf305a20d1e
2021.01.06 21:55:30 INFO  web[][o.s.s.p.w.MasterServletFilter] Initializing servlet filter org.sonar.server.platform.web.WebServiceFilter@4b27c969 [pattern=UrlPattern{inclusions=[/api/system/migrate_db.*, ...], exclusions=[/api/components/update_key, ...]}]
2021.01.06 21:55:30 INFO  web[][o.s.s.a.EmbeddedTomcat] HTTP connector enabled on port 9000
2021.01.06 21:55:31 INFO  web[][o.s.s.p.UpdateCenterClient] Update center: https://update.sonarsource.org/update-center.properties (no proxy)
2021.01.06 21:55:32 INFO  web[][o.s.s.s.LogServerId] Server ID: BF41A1F2-AXbSrNtte8cWhir78xP8
2021.01.06 21:55:32 WARN  web[][o.s.s.a.LogOAuthWarning] For security reasons, OAuth authentication should use HTTPS. You should set the property 'Administration > Configuration > Server base URL' to a HTTPS URL.
2021.01.06 21:55:33 WARN  web[][o.s.a.s.w.WebService$Action] The response example is not set on action api/plugins/download
2021.01.06 21:55:33 WARN  web[][o.s.a.s.w.WebService$Action] The response example is not set on action api/permissions/search_templates
2021.01.06 21:55:33 INFO  web[][o.s.s.t.TelemetryDaemon] Sharing of SonarQube statistics is enabled.
2021.01.06 21:55:33 INFO  web[][o.s.s.n.NotificationDaemon] Notification service started (delay 60 sec.)
2021.01.06 21:55:33 INFO  web[][o.s.s.s.GeneratePluginIndex] Generate scanner plugin index
2021.01.06 21:55:33 INFO  web[][o.s.s.s.RegisterPlugins] Register plugins
2021.01.06 21:55:33 INFO  web[][o.s.s.s.RegisterMetrics] Register metrics
2021.01.06 21:55:33 INFO  web[][o.s.s.r.RegisterRules] Register rules
2021.01.06 21:55:39 INFO  web[][o.s.s.q.BuiltInQProfileRepositoryImpl] Load quality profiles
2021.01.06 21:55:41 INFO  web[][o.s.s.q.RegisterQualityProfiles] Register quality profiles
2021.01.06 21:55:41 INFO  web[][o.s.s.q.RegisterQualityProfiles] Update profile css/Sonar way
2021.01.06 21:55:41 INFO  web[][o.s.s.q.RegisterQualityProfiles] Update profile scala/Sonar way
2021.01.06 21:55:41 INFO  web[][o.s.s.q.RegisterQualityProfiles] Update profile jsp/Sonar way
2021.01.06 21:55:41 INFO  web[][o.s.s.q.RegisterQualityProfiles] Update profile go/Sonar way
2021.01.06 21:55:41 INFO  web[][o.s.s.q.RegisterQualityProfiles] Update profile kotlin/Sonar way
2021.01.06 21:55:41 INFO  web[][o.s.s.q.RegisterQualityProfiles] Update profile js/Sonar way
2021.01.06 21:55:41 INFO  web[][o.s.s.q.RegisterQualityProfiles] Update profile js/Sonar way Recommended
2021.01.06 21:55:41 INFO  web[][o.s.s.q.RegisterQualityProfiles] Update profile py/Sonar way
2021.01.06 21:55:41 INFO  web[][o.s.s.q.RegisterQualityProfiles] Update profile ruby/Sonar way
2021.01.06 21:55:41 INFO  web[][o.s.s.q.RegisterQualityProfiles] Update profile cs/Sonar way
2021.01.06 21:55:41 INFO  web[][o.s.s.q.RegisterQualityProfiles] Update profile java/Sonar way
2021.01.06 21:55:42 INFO  web[][o.s.s.q.RegisterQualityProfiles] Update profile web/Sonar way
2021.01.06 21:55:42 INFO  web[][o.s.s.q.RegisterQualityProfiles] Update profile flex/Sonar way
2021.01.06 21:55:42 INFO  web[][o.s.s.q.RegisterQualityProfiles] Update profile xml/Sonar way
2021.01.06 21:55:42 INFO  web[][o.s.s.q.RegisterQualityProfiles] Update profile php/Sonar way
2021.01.06 21:55:42 INFO  web[][o.s.s.q.RegisterQualityProfiles] Update profile php/PSR-2
2021.01.06 21:55:42 INFO  web[][o.s.s.q.RegisterQualityProfiles] Update profile php/Drupal
2021.01.06 21:55:42 INFO  web[][o.s.s.q.RegisterQualityProfiles] Update profile vbnet/Sonar way
2021.01.06 21:55:42 INFO  web[][o.s.s.q.RegisterQualityProfiles] Update profile ts/Sonar way
2021.01.06 21:55:42 INFO  web[][o.s.s.q.RegisterQualityProfiles] Update profile ts/Sonar way recommended
2021.01.06 21:55:42 INFO  web[][o.s.s.s.RegisterPermissionTemplates] Register permission templates
2021.01.06 21:55:42 INFO  web[][o.s.s.s.RenameDeprecatedPropertyKeys] Rename deprecated property keys
2021.01.06 21:55:42 INFO  web[][o.s.s.p.w.MasterServletFilter] Initializing servlet filter org.sonar.server.platform.web.WebServiceFilter@42c1ef59 [pattern=UrlPattern{inclusions=[/api/issues/delete_comment.*, ...], exclusions=[/api/authentication/login.*, ...]}]
2021.01.06 21:55:42 INFO  web[][o.s.s.p.w.MasterServletFilter] Initializing servlet filter org.sonar.server.platform.web.WebServiceReroutingFilter@440a679b [pattern=UrlPattern{inclusions=[/api/components/bulk_update_key, ...], exclusions=[]}]
2021.01.06 21:55:42 INFO  web[][o.s.s.p.w.MasterServletFilter] Initializing servlet filter org.sonar.server.authentication.InitFilter@1a575730 [pattern=UrlPattern{inclusions=[/sessions/init/*], exclusions=[]}]
2021.01.06 21:55:42 INFO  web[][o.s.s.p.w.MasterServletFilter] Initializing servlet filter org.sonar.server.authentication.OAuth2CallbackFilter@44f4139c [pattern=UrlPattern{inclusions=[/oauth2/callback/*], exclusions=[]}]
2021.01.06 21:55:42 INFO  web[][o.s.s.p.w.MasterServletFilter] Initializing servlet filter org.sonar.server.authentication.ResetPasswordFilter@5d0e55bb [pattern=UrlPattern{inclusions=[/*], exclusions=[*.css, ...]}]
2021.01.06 21:55:42 INFO  web[][o.s.s.p.w.MasterServletFilter] Initializing servlet filter org.sonar.server.authentication.ws.LoginAction@545a0f3f [pattern=UrlPattern{inclusions=[/api/authentication/login], exclusions=[]}]
2021.01.06 21:55:42 INFO  web[][o.s.s.p.w.MasterServletFilter] Initializing servlet filter org.sonar.server.authentication.ws.LogoutAction@2e44b6b [pattern=UrlPattern{inclusions=[/api/authentication/logout], exclusions=[]}]
2021.01.06 21:55:42 INFO  web[][o.s.s.p.w.MasterServletFilter] Initializing servlet filter org.sonar.server.authentication.ws.ValidateAction@29825288 [pattern=UrlPattern{inclusions=[/api/authentication/validate], exclusions=[]}]
2021.01.06 21:55:42 INFO  web[][o.s.s.q.ProjectsInWarningDaemon] Counting number of projects in warning is not started as there are no projects in this situation.
2021.01.06 21:55:42 INFO  web[][o.s.s.p.p.PlatformLevelStartup] Running Community Edition
2021.01.06 21:55:42 INFO  web[][o.s.s.p.Platform] WebServer is operational
2021.01.06 21:58:10 INFO  web[][o.s.p.ProcessEntryPoint] Starting web
2021.01.06 21:58:11 INFO  web[][o.a.t.u.n.NioSelectorPool] Using a shared selector for servlet write/read
2021.01.06 21:58:12 INFO  web[][o.s.s.e.EsClientProvider] Connected to local Elasticsearch: [http://localhost:9001]
2021.01.06 21:58:12 INFO  web[][o.s.s.p.LogServerVersion] SonarQube Server / 8.6.0.39681 / ec0774da531f570fa05a9f2aab7f165f71c9c071
2021.01.06 21:58:14 INFO  web[][o.s.s.p.d.EmbeddedDatabase] Starting embedded database on port 9092 with url jdbc:h2:tcp://127.0.0.1:9092/sonar
2021.01.06 21:58:14 INFO  web[][o.s.s.p.d.EmbeddedDatabase] Embedded database started. Data stored in: /opt/sonarqube/data
2021.01.06 21:58:14 INFO  web[][o.sonar.db.Database] Create JDBC data source for jdbc:h2:tcp://127.0.0.1:9092/sonar
2021.01.06 21:58:14 WARN  web[][o.s.db.dialect.H2] H2 database should be used for evaluation purpose only.
2021.01.06 21:58:16 INFO  web[][o.s.s.p.ServerFileSystemImpl] SonarQube home: /opt/sonarqube
2021.01.06 21:58:16 INFO  web[][o.s.s.u.SystemPasscodeImpl] System authentication by passcode is disabled
2021.01.06 21:58:16 INFO  web[][o.s.s.p.ServerPluginManager] Deploy plugin C# Code Quality and Security / 8.15.0.24505 / 0ab8ff1bd890e5c7f58be18371624bf305a20d1e
2021.01.06 21:58:16 INFO  web[][o.s.s.p.ServerPluginManager] Deploy plugin CSS Code Quality and Security / 1.3.1.1642 / f249c9f1b256ec276f3ba6d6d900a64849119709
2021.01.06 21:58:16 INFO  web[][o.s.s.p.ServerPluginManager] Deploy plugin Flex Code Quality and Security / 2.6.0.2294 / 64746e0c588ddd44f3216ae1ee02a01bcf6b2dac
2021.01.06 21:58:16 INFO  web[][o.s.s.p.ServerPluginManager] Deploy plugin Go Code Quality and Security / 1.8.1.1804 / 888f27a951191447348dd4555b2dcb84f89581ee
2021.01.06 21:58:16 INFO  web[][o.s.s.p.ServerPluginManager] Deploy plugin HTML Code Quality and Security / 3.3.0.2534 / 18c0ca03dae915ebe9bc9bd71345b3290db1d5a5
2021.01.06 21:58:16 INFO  web[][o.s.s.p.ServerPluginManager] Deploy plugin JaCoCo / 1.1.0.898 / f65b288e6c2888393bd7fb72ad7ac1425f88eebf
2021.01.06 21:58:16 INFO  web[][o.s.s.p.ServerPluginManager] Deploy plugin Java Code Quality and Security / 6.9.0.23563 / 970d69bbeb741abed1ef65a1e641a847af9bf0e3
2021.01.06 21:58:16 INFO  web[][o.s.s.p.ServerPluginManager] Deploy plugin JavaScript/TypeScript Code Quality and Security / 7.0.1.14561 / 1f9a0b83a4ad7082ea244f7e0b70c659ec8184c2
2021.01.06 21:58:16 INFO  web[][o.s.s.p.ServerPluginManager] Deploy plugin Kotlin Code Quality and Security / 1.8.1.1804 / 888f27a951191447348dd4555b2dcb84f89581ee
2021.01.06 21:58:16 INFO  web[][o.s.s.p.ServerPluginManager] Deploy plugin PHP Code Quality and Security / 3.13.0.6849 / 305515faa80c1572df85b0a9625cab8c83fbd96f
2021.01.06 21:58:16 INFO  web[][o.s.s.p.ServerPluginManager] Deploy plugin Python Code Quality and Security / 3.1.0.7619 / afa4cc5b20ce4ae18a7cba39f196ea7bee64eaa0
2021.01.06 21:58:16 INFO  web[][o.s.s.p.ServerPluginManager] Deploy plugin Ruby Code Quality and Security / 1.8.1.1804 / 888f27a951191447348dd4555b2dcb84f89581ee
2021.01.06 21:58:16 INFO  web[][o.s.s.p.ServerPluginManager] Deploy plugin Scala Code Quality and Security / 1.8.1.1804 / 888f27a951191447348dd4555b2dcb84f89581ee
2021.01.06 21:58:16 INFO  web[][o.s.s.p.ServerPluginManager] Deploy plugin SonarXML / 2.0.1.2020 / c5b84004face582d56f110e24c29bf9c6a679e69
2021.01.06 21:58:16 INFO  web[][o.s.s.p.ServerPluginManager] Deploy plugin VB.NET Code Quality and Security / 8.15.0.24505 / 0ab8ff1bd890e5c7f58be18371624bf305a20d1e
2021.01.06 21:58:23 INFO  web[][o.s.s.p.w.MasterServletFilter] Initializing servlet filter org.sonar.server.platform.web.WebServiceFilter@5a8fea29 [pattern=UrlPattern{inclusions=[/api/system/migrate_db.*, ...], exclusions=[/api/components/update_key, ...]}]
2021.01.06 21:58:24 INFO  web[][o.s.s.a.EmbeddedTomcat] HTTP connector enabled on port 9000
2021.01.06 21:58:25 INFO  web[][o.s.s.p.UpdateCenterClient] Update center: https://update.sonarsource.org/update-center.properties (no proxy)
2021.01.06 21:58:27 INFO  web[][o.s.s.s.LogServerId] Server ID: BF41A1F2-AXbSrNtte8cWhir78xP8
2021.01.06 21:58:27 WARN  web[][o.s.s.a.LogOAuthWarning] For security reasons, OAuth authentication should use HTTPS. You should set the property 'Administration > Configuration > Server base URL' to a HTTPS URL.
2021.01.06 21:58:27 WARN  web[][o.s.a.s.w.WebService$Action] The response example is not set on action api/plugins/download
2021.01.06 21:58:27 WARN  web[][o.s.a.s.w.WebService$Action] The response example is not set on action api/permissions/search_templates
2021.01.06 21:58:27 INFO  web[][o.s.s.t.TelemetryDaemon] Sharing of SonarQube statistics is enabled.
2021.01.06 21:58:27 INFO  web[][o.s.s.n.NotificationDaemon] Notification service started (delay 60 sec.)
2021.01.06 21:58:27 INFO  web[][o.s.s.a.p.ExpiredSessionsCleaner] Purge of expired session tokens has removed 0 elements
2021.01.06 21:58:27 INFO  web[][o.s.s.a.p.ExpiredSessionsCleaner] Purge of expired SAML message ids has removed 0 elements
2021.01.06 21:58:27 INFO  web[][o.s.s.s.GeneratePluginIndex] Generate scanner plugin index
2021.01.06 21:58:27 INFO  web[][o.s.s.s.RegisterPlugins] Register plugins
2021.01.06 21:58:27 INFO  web[][o.s.s.s.RegisterMetrics] Register metrics
2021.01.06 21:58:27 INFO  web[][o.s.s.r.RegisterRules] Register rules
2021.01.06 21:58:29 INFO  web[][o.s.p.ProcessEntryPoint] Gracefully stopping process
2021.01.06 21:58:35 INFO  web[][o.s.s.q.BuiltInQProfileRepositoryImpl] Load quality profiles
2021.01.06 21:58:36 INFO  web[][o.s.s.q.RegisterQualityProfiles] Register quality profiles
2021.01.06 21:58:36 INFO  web[][o.s.s.q.RegisterQualityProfiles] Update profile css/Sonar way
2021.01.06 21:58:36 INFO  web[][o.s.s.q.RegisterQualityProfiles] Update profile scala/Sonar way
2021.01.06 21:58:36 INFO  web[][o.s.s.q.RegisterQualityProfiles] Update profile jsp/Sonar way
2021.01.06 21:58:36 INFO  web[][o.s.s.q.RegisterQualityProfiles] Update profile go/Sonar way
2021.01.06 21:58:36 INFO  web[][o.s.s.q.RegisterQualityProfiles] Update profile kotlin/Sonar way
2021.01.06 21:58:36 INFO  web[][o.s.s.q.RegisterQualityProfiles] Update profile js/Sonar way
2021.01.06 21:58:36 INFO  web[][o.s.s.q.RegisterQualityProfiles] Update profile js/Sonar way Recommended
2021.01.06 21:58:37 INFO  web[][o.s.s.q.RegisterQualityProfiles] Update profile py/Sonar way
2021.01.06 21:58:37 INFO  web[][o.s.s.q.RegisterQualityProfiles] Update profile ruby/Sonar way
2021.01.06 21:58:37 INFO  web[][o.s.s.q.RegisterQualityProfiles] Update profile cs/Sonar way
2021.01.06 21:58:37 INFO  web[][o.s.s.q.RegisterQualityProfiles] Update profile java/Sonar way
2021.01.06 21:58:37 INFO  web[][o.s.s.q.RegisterQualityProfiles] Update profile web/Sonar way
2021.01.06 21:58:37 INFO  web[][o.s.s.q.RegisterQualityProfiles] Update profile flex/Sonar way
2021.01.06 21:58:37 INFO  web[][o.s.s.q.RegisterQualityProfiles] Update profile xml/Sonar way
2021.01.06 21:58:37 INFO  web[][o.s.s.q.RegisterQualityProfiles] Update profile php/Sonar way
2021.01.06 21:58:37 INFO  web[][o.s.s.q.RegisterQualityProfiles] Update profile php/PSR-2
2021.01.06 21:58:37 INFO  web[][o.s.s.q.RegisterQualityProfiles] Update profile php/Drupal
2021.01.06 21:58:37 INFO  web[][o.s.s.q.RegisterQualityProfiles] Update profile vbnet/Sonar way
2021.01.06 21:58:37 INFO  web[][o.s.s.q.RegisterQualityProfiles] Update profile ts/Sonar way
2021.01.06 21:58:37 INFO  web[][o.s.s.q.RegisterQualityProfiles] Update profile ts/Sonar way recommended
2021.01.06 21:58:37 INFO  web[][o.s.s.s.RegisterPermissionTemplates] Register permission templates
2021.01.06 21:58:37 INFO  web[][o.s.s.s.RenameDeprecatedPropertyKeys] Rename deprecated property keys
2021.01.06 21:58:38 INFO  web[][o.s.s.p.w.MasterServletFilter] Initializing servlet filter org.sonar.server.platform.web.WebServiceFilter@4702545f [pattern=UrlPattern{inclusions=[/api/issues/delete_comment.*, ...], exclusions=[/api/authentication/login.*, ...]}]
2021.01.06 21:58:38 INFO  web[][o.s.s.p.w.MasterServletFilter] Initializing servlet filter org.sonar.server.platform.web.WebServiceReroutingFilter@55ae9d1e [pattern=UrlPattern{inclusions=[/api/components/bulk_update_key, ...], exclusions=[]}]
2021.01.06 21:58:38 INFO  web[][o.s.s.p.w.MasterServletFilter] Initializing servlet filter org.sonar.server.authentication.InitFilter@383aaad0 [pattern=UrlPattern{inclusions=[/sessions/init/*], exclusions=[]}]
2021.01.06 21:58:38 INFO  web[][o.s.s.p.w.MasterServletFilter] Initializing servlet filter org.sonar.server.authentication.OAuth2CallbackFilter@332cca7c [pattern=UrlPattern{inclusions=[/oauth2/callback/*], exclusions=[]}]
2021.01.06 21:58:38 INFO  web[][o.s.s.p.w.MasterServletFilter] Initializing servlet filter org.sonar.server.authentication.ResetPasswordFilter@1c2777b1 [pattern=UrlPattern{inclusions=[/*], exclusions=[*.css, ...]}]
2021.01.06 21:58:38 INFO  web[][o.s.s.p.w.MasterServletFilter] Initializing servlet filter org.sonar.server.authentication.ws.LoginAction@58ea2e99 [pattern=UrlPattern{inclusions=[/api/authentication/login], exclusions=[]}]
2021.01.06 21:58:38 INFO  web[][o.s.s.p.w.MasterServletFilter] Initializing servlet filter org.sonar.server.authentication.ws.LogoutAction@7952427e [pattern=UrlPattern{inclusions=[/api/authentication/logout], exclusions=[]}]
2021.01.06 21:58:38 INFO  web[][o.s.s.p.w.MasterServletFilter] Initializing servlet filter org.sonar.server.authentication.ws.ValidateAction@1ab6e35c [pattern=UrlPattern{inclusions=[/api/authentication/validate], exclusions=[]}]
2021.01.06 21:58:38 INFO  web[][o.s.s.n.NotificationDaemon] Notification service stopped
2021.01.06 21:58:38 INFO  web[][o.s.s.p.d.EmbeddedDatabase] Embedded database stopped
2021.01.06 21:58:38 WARN  web[][o.a.c.l.WebappClassLoaderBase] The web application [ROOT] appears to have started a thread named [SQ starter] but has failed to stop it. This is very likely to create a memory leak. Stack trace of thread:\n app//org.picocontainer.DefaultPicoContainer.getComponentAdapters(DefaultPicoContainer.java:431)\n app//org.picocontainer.DefaultPicoContainer.getComponentAdapters(DefaultPicoContainer.java:414)\n app//org.picocontainer.DefaultPicoContainer.getComponentAdapter(DefaultPicoContainer.java:381)\n app//org.picocontainer.DefaultPicoContainer.getComponentAdapter(DefaultPicoContainer.java:370)\n app//org.picocontainer.containers.ImmutablePicoContainer.getComponentAdapter(ImmutablePicoContainer.java:68)\n app//org.picocontainer.parameters.BasicComponentParameter.noMatchingAdaptersFound(BasicComponentParameter.java:251)\n app//org.picocontainer.parameters.BasicComponentParameter.resolveAdapter(BasicComponentParameter.java:218)\n app//org.picocontainer.parameters.BasicComponentParameter.resolve(BasicComponentParameter.java:100)\n app//org.picocontainer.parameters.ComponentParameter.access$001(ComponentParameter.java:39)\n app//org.picocontainer.parameters.ComponentParameter$1.<init>(ComponentParameter.java:120)\n app//org.picocontainer.parameters.ComponentParameter.resolve(ComponentParameter.java:119)\n app//org.picocontainer.injectors.SingleMemberInjector.getParameter(SingleMemberInjector.java:78)\n app//org.picocontainer.injectors.ConstructorInjector$CtorAndAdapters.getParameterArguments(ConstructorInjector.java:309)\n app//org.picocontainer.injectors.ConstructorInjector$1.run(ConstructorInjector.java:335)\n app//org.picocontainer.injectors.AbstractInjector$ThreadLocalCyclicDependencyGuard.observe(AbstractInjector.java:270)\n app//org.picocontainer.injectors.ConstructorInjector.getComponentInstance(ConstructorInjector.java:364)\n app//org.picocontainer.injectors.AbstractInjectionFactory$LifecycleAdapter.getComponentInstance(AbstractInjectionFactory.java:56)\n app//org.picocontainer.behaviors.AbstractBehavior.getComponentInstance(AbstractBehavior.java:64)\n app//org.picocontainer.behaviors.Stored.getComponentInstance(Stored.java:91)\n app//org.picocontainer.DefaultPicoContainer.getInstance(DefaultPicoContainer.java:699)\n app//org.picocontainer.DefaultPicoContainer.getComponent(DefaultPicoContainer.java:647)\n app//org.sonar.core.platform.ComponentContainer$ExtendedDefaultPicoContainer.getComponent(ComponentContainer.java:64)\n app//org.picocontainer.DefaultPicoContainer.getComponent(DefaultPicoContainer.java:678)\n app//org.sonar.core.platform.ComponentContainer.getComponentByType(ComponentContainer.java:282)\n app//org.sonar.server.platform.platformlevel.PlatformLevel.getOptional(PlatformLevel.java:123)\n app//org.sonar.server.platform.platformlevel.PlatformLevelStartup$1.doPrivileged(PlatformLevelStartup.java:90)\n app//org.sonar.server.user.DoPrivileged.execute(DoPrivileged.java:45)\n app//org.sonar.server.platform.platformlevel.PlatformLevelStartup.start(PlatformLevelStartup.java:86)\n app//org.sonar.server.platform.PlatformImpl.executeStartupTasks(PlatformImpl.java:198)\n app//org.sonar.server.platform.PlatformImpl.access$400(PlatformImpl.java:46)\n app//org.sonar.server.platform.PlatformImpl$1.lambda$doRun$1(PlatformImpl.java:122)\n app//org.sonar.server.platform.PlatformImpl$1$$Lambda$913/0x000000010085ec40.run(Unknown Source)\n app//org.sonar.server.platform.PlatformImpl$AutoStarterRunnable.runIfNotAborted(PlatformImpl.java:370)\n app//org.sonar.server.platform.PlatformImpl$1.doRun(PlatformImpl.java:122)\n app//org.sonar.server.platform.PlatformImpl$AutoStarterRunnable.run(PlatformImpl.java:354)\n java.base@11.0.8/java.lang.Thread.run(Thread.java:834)
2021.01.06 21:58:38 ERROR web[][o.s.s.p.Platform] Background initialization failed. Stopping SonarQube
org.sonar.server.es.ElasticsearchException: Fail to execute es requestES get request for key 'rules.rule.activeRule.initialized' on index 'metadatas' on type 'metadata'
	at org.sonar.server.es.EsClient.execute(EsClient.java:278)
	at org.sonar.server.es.EsClient.get(EsClient.java:168)
	at org.sonar.server.es.metadata.MetadataIndexImpl.getMetadata(MetadataIndexImpl.java:94)
	at org.sonar.server.es.metadata.MetadataIndexImpl.getInitialized(MetadataIndexImpl.java:62)
	at org.sonar.server.es.IndexerStartupTask.lambda$getUninitializedTypes$0(IndexerStartupTask.java:99)
	at java.base/java.util.stream.ReferencePipeline$2$1.accept(ReferencePipeline.java:176)
	at java.base/java.util.Iterator.forEachRemaining(Iterator.java:133)
	at java.base/java.util.Spliterators$IteratorSpliterator.forEachRemaining(Spliterators.java:1801)
	at java.base/java.util.stream.AbstractPipeline.copyInto(AbstractPipeline.java:484)
	at java.base/java.util.stream.AbstractPipeline.wrapAndCopyInto(AbstractPipeline.java:474)
	at java.base/java.util.stream.ReduceOps$ReduceOp.evaluateSequential(ReduceOps.java:913)
	at java.base/java.util.stream.AbstractPipeline.evaluate(AbstractPipeline.java:234)
	at java.base/java.util.stream.ReferencePipeline.collect(ReferencePipeline.java:578)
	at org.sonar.server.es.IndexerStartupTask.getUninitializedTypes(IndexerStartupTask.java:100)
	at org.sonar.server.es.IndexerStartupTask.indexUninitializedTypes(IndexerStartupTask.java:62)
	at java.base/java.util.Spliterators$ArraySpliterator.forEachRemaining(Spliterators.java:948)
	at java.base/java.util.stream.ReferencePipeline$Head.forEach(ReferencePipeline.java:658)
	at org.sonar.server.es.IndexerStartupTask.execute(IndexerStartupTask.java:53)
	at java.base/java.util.Optional.ifPresent(Optional.java:183)
	at org.sonar.server.platform.platformlevel.PlatformLevelStartup$1.doPrivileged(PlatformLevelStartup.java:90)
	at org.sonar.server.user.DoPrivileged.execute(DoPrivileged.java:45)
	at org.sonar.server.platform.platformlevel.PlatformLevelStartup.start(PlatformLevelStartup.java:86)
	at org.sonar.server.platform.PlatformImpl.executeStartupTasks(PlatformImpl.java:198)
	at org.sonar.server.platform.PlatformImpl.access$400(PlatformImpl.java:46)
	at org.sonar.server.platform.PlatformImpl$1.lambda$doRun$1(PlatformImpl.java:122)
	at org.sonar.server.platform.PlatformImpl$AutoStarterRunnable.runIfNotAborted(PlatformImpl.java:370)
	at org.sonar.server.platform.PlatformImpl$1.doRun(PlatformImpl.java:122)
	at org.sonar.server.platform.PlatformImpl$AutoStarterRunnable.run(PlatformImpl.java:354)
	at java.base/java.lang.Thread.run(Thread.java:834)
Caused by: java.lang.RuntimeException: Request cannot be executed; I/O reactor status: STOPPED
	at org.elasticsearch.client.RestClient.extractAndWrapCause(RestClient.java:857)
	at org.elasticsearch.client.RestClient.performRequest(RestClient.java:259)
	at org.elasticsearch.client.RestClient.performRequest(RestClient.java:246)
	at org.elasticsearch.client.RestHighLevelClient.internalPerformRequest(RestHighLevelClient.java:1613)
	at org.elasticsearch.client.RestHighLevelClient.performRequest(RestHighLevelClient.java:1583)
	at org.elasticsearch.client.RestHighLevelClient.performRequestAndParseEntity(RestHighLevelClient.java:1553)
	at org.elasticsearch.client.RestHighLevelClient.get(RestHighLevelClient.java:778)
	at org.sonar.server.es.EsClient.lambda$get$17(EsClient.java:168)
	at org.sonar.server.es.EsClient.execute(EsClient.java:276)
	... 28 common frames omitted
Caused by: java.lang.IllegalStateException: Request cannot be executed; I/O reactor status: STOPPED
	at org.apache.http.util.Asserts.check(Asserts.java:46)
	at org.apache.http.impl.nio.client.CloseableHttpAsyncClientBase.ensureRunning(CloseableHttpAsyncClientBase.java:90)
	at org.apache.http.impl.nio.client.InternalHttpAsyncClient.execute(InternalHttpAsyncClient.java:123)
	at org.elasticsearch.client.RestClient.performRequest(RestClient.java:255)
	... 35 common frames omitted
2021.01.06 21:58:38 INFO  web[][o.s.s.app.WebServer] WebServer stopped
2021.01.06 21:59:03 INFO  web[][o.s.p.ProcessEntryPoint] Starting web
2021.01.06 21:59:04 INFO  web[][o.a.t.u.n.NioSelectorPool] Using a shared selector for servlet write/read
2021.01.06 21:59:04 INFO  web[][o.s.s.e.EsClientProvider] Connected to local Elasticsearch: [http://localhost:9001]
2021.01.06 21:59:05 INFO  web[][o.s.s.p.LogServerVersion] SonarQube Server / 8.6.0.39681 / ec0774da531f570fa05a9f2aab7f165f71c9c071
2021.01.06 21:59:05 INFO  web[][o.s.s.p.d.EmbeddedDatabase] Starting embedded database on port 9092 with url jdbc:h2:tcp://127.0.0.1:9092/sonar
2021.01.06 21:59:05 INFO  web[][o.s.s.p.d.EmbeddedDatabase] Embedded database started. Data stored in: /opt/sonarqube/data
2021.01.06 21:59:05 INFO  web[][o.sonar.db.Database] Create JDBC data source for jdbc:h2:tcp://127.0.0.1:9092/sonar
2021.01.06 21:59:06 WARN  web[][o.s.db.dialect.H2] H2 database should be used for evaluation purpose only.
2021.01.06 21:59:07 INFO  web[][o.s.s.p.ServerFileSystemImpl] SonarQube home: /opt/sonarqube
2021.01.06 21:59:07 INFO  web[][o.s.s.u.SystemPasscodeImpl] System authentication by passcode is disabled
2021.01.06 21:59:08 INFO  web[][o.s.s.p.ServerPluginManager] Deploy plugin C# Code Quality and Security / 8.15.0.24505 / 0ab8ff1bd890e5c7f58be18371624bf305a20d1e
2021.01.06 21:59:08 INFO  web[][o.s.s.p.ServerPluginManager] Deploy plugin CSS Code Quality and Security / 1.3.1.1642 / f249c9f1b256ec276f3ba6d6d900a64849119709
2021.01.06 21:59:08 INFO  web[][o.s.s.p.ServerPluginManager] Deploy plugin Flex Code Quality and Security / 2.6.0.2294 / 64746e0c588ddd44f3216ae1ee02a01bcf6b2dac
2021.01.06 21:59:08 INFO  web[][o.s.s.p.ServerPluginManager] Deploy plugin Go Code Quality and Security / 1.8.1.1804 / 888f27a951191447348dd4555b2dcb84f89581ee
2021.01.06 21:59:08 INFO  web[][o.s.s.p.ServerPluginManager] Deploy plugin HTML Code Quality and Security / 3.3.0.2534 / 18c0ca03dae915ebe9bc9bd71345b3290db1d5a5
2021.01.06 21:59:08 INFO  web[][o.s.s.p.ServerPluginManager] Deploy plugin JaCoCo / 1.1.0.898 / f65b288e6c2888393bd7fb72ad7ac1425f88eebf
2021.01.06 21:59:08 INFO  web[][o.s.s.p.ServerPluginManager] Deploy plugin Java Code Quality and Security / 6.9.0.23563 / 970d69bbeb741abed1ef65a1e641a847af9bf0e3
2021.01.06 21:59:08 INFO  web[][o.s.s.p.ServerPluginManager] Deploy plugin JavaScript/TypeScript Code Quality and Security / 7.0.1.14561 / 1f9a0b83a4ad7082ea244f7e0b70c659ec8184c2
2021.01.06 21:59:08 INFO  web[][o.s.s.p.ServerPluginManager] Deploy plugin Kotlin Code Quality and Security / 1.8.1.1804 / 888f27a951191447348dd4555b2dcb84f89581ee
2021.01.06 21:59:08 INFO  web[][o.s.s.p.ServerPluginManager] Deploy plugin PHP Code Quality and Security / 3.13.0.6849 / 305515faa80c1572df85b0a9625cab8c83fbd96f
2021.01.06 21:59:08 INFO  web[][o.s.s.p.ServerPluginManager] Deploy plugin Python Code Quality and Security / 3.1.0.7619 / afa4cc5b20ce4ae18a7cba39f196ea7bee64eaa0
2021.01.06 21:59:08 INFO  web[][o.s.s.p.ServerPluginManager] Deploy plugin Ruby Code Quality and Security / 1.8.1.1804 / 888f27a951191447348dd4555b2dcb84f89581ee
2021.01.06 21:59:08 INFO  web[][o.s.s.p.ServerPluginManager] Deploy plugin Scala Code Quality and Security / 1.8.1.1804 / 888f27a951191447348dd4555b2dcb84f89581ee
2021.01.06 21:59:08 INFO  web[][o.s.s.p.ServerPluginManager] Deploy plugin SonarXML / 2.0.1.2020 / c5b84004face582d56f110e24c29bf9c6a679e69
2021.01.06 21:59:08 INFO  web[][o.s.s.p.ServerPluginManager] Deploy plugin VB.NET Code Quality and Security / 8.15.0.24505 / 0ab8ff1bd890e5c7f58be18371624bf305a20d1e
2021.01.06 21:59:14 INFO  web[][o.s.s.p.w.MasterServletFilter] Initializing servlet filter org.sonar.server.platform.web.WebServiceFilter@67d0e3bb [pattern=UrlPattern{inclusions=[/api/system/migrate_db.*, ...], exclusions=[/api/components/update_key, ...]}]
2021.01.06 21:59:14 INFO  web[][o.s.s.a.EmbeddedTomcat] HTTP connector enabled on port 9000
2021.01.06 21:59:15 INFO  web[][o.s.s.p.UpdateCenterClient] Update center: https://update.sonarsource.org/update-center.properties (no proxy)
2021.01.06 21:59:16 INFO  web[][o.s.s.s.LogServerId] Server ID: BF41A1F2-AXbSrNtte8cWhir78xP8
2021.01.06 21:59:16 WARN  web[][o.s.s.a.LogOAuthWarning] For security reasons, OAuth authentication should use HTTPS. You should set the property 'Administration > Configuration > Server base URL' to a HTTPS URL.
2021.01.06 21:59:16 WARN  web[][o.s.a.s.w.WebService$Action] The response example is not set on action api/plugins/download
2021.01.06 21:59:16 WARN  web[][o.s.a.s.w.WebService$Action] The response example is not set on action api/permissions/search_templates
2021.01.06 21:59:16 INFO  web[][o.s.s.t.TelemetryDaemon] Sharing of SonarQube statistics is enabled.
2021.01.06 21:59:16 INFO  web[][o.s.s.n.NotificationDaemon] Notification service started (delay 60 sec.)
2021.01.06 21:59:16 INFO  web[][o.s.s.s.GeneratePluginIndex] Generate scanner plugin index
2021.01.06 21:59:16 INFO  web[][o.s.s.s.RegisterPlugins] Register plugins
2021.01.06 21:59:16 INFO  web[][o.s.s.s.RegisterMetrics] Register metrics
2021.01.06 21:59:16 INFO  web[][o.s.s.r.RegisterRules] Register rules
2021.01.06 21:59:26 INFO  web[][o.s.s.q.BuiltInQProfileRepositoryImpl] Load quality profiles
2021.01.06 21:59:27 INFO  web[][o.s.s.q.RegisterQualityProfiles] Register quality profiles
2021.01.06 21:59:27 INFO  web[][o.s.s.q.RegisterQualityProfiles] Update profile css/Sonar way
2021.01.06 21:59:27 INFO  web[][o.s.s.q.RegisterQualityProfiles] Update profile scala/Sonar way
2021.01.06 21:59:27 INFO  web[][o.s.s.q.RegisterQualityProfiles] Update profile jsp/Sonar way
2021.01.06 21:59:27 INFO  web[][o.s.s.q.RegisterQualityProfiles] Update profile go/Sonar way
2021.01.06 21:59:27 INFO  web[][o.s.s.q.RegisterQualityProfiles] Update profile kotlin/Sonar way
2021.01.06 21:59:27 INFO  web[][o.s.s.q.RegisterQualityProfiles] Update profile js/Sonar way
2021.01.06 21:59:27 INFO  web[][o.s.s.q.RegisterQualityProfiles] Update profile js/Sonar way Recommended
2021.01.06 21:59:27 INFO  web[][o.s.s.q.RegisterQualityProfiles] Update profile py/Sonar way
2021.01.06 21:59:27 INFO  web[][o.s.s.q.RegisterQualityProfiles] Update profile ruby/Sonar way
2021.01.06 21:59:27 INFO  web[][o.s.s.q.RegisterQualityProfiles] Update profile cs/Sonar way
2021.01.06 21:59:28 INFO  web[][o.s.s.q.RegisterQualityProfiles] Update profile java/Sonar way
2021.01.06 21:59:28 INFO  web[][o.s.s.q.RegisterQualityProfiles] Update profile web/Sonar way
2021.01.06 21:59:28 INFO  web[][o.s.s.q.RegisterQualityProfiles] Update profile flex/Sonar way
2021.01.06 21:59:28 INFO  web[][o.s.s.q.RegisterQualityProfiles] Update profile xml/Sonar way
2021.01.06 21:59:28 INFO  web[][o.s.s.q.RegisterQualityProfiles] Update profile php/Sonar way
2021.01.06 21:59:28 INFO  web[][o.s.s.q.RegisterQualityProfiles] Update profile php/PSR-2
2021.01.06 21:59:28 INFO  web[][o.s.s.q.RegisterQualityProfiles] Update profile php/Drupal
2021.01.06 21:59:28 INFO  web[][o.s.s.q.RegisterQualityProfiles] Update profile vbnet/Sonar way
2021.01.06 21:59:28 INFO  web[][o.s.s.q.RegisterQualityProfiles] Update profile ts/Sonar way
2021.01.06 21:59:28 INFO  web[][o.s.s.q.RegisterQualityProfiles] Update profile ts/Sonar way recommended
2021.01.06 21:59:28 INFO  web[][o.s.s.s.RegisterPermissionTemplates] Register permission templates
2021.01.06 21:59:28 INFO  web[][o.s.s.s.RenameDeprecatedPropertyKeys] Rename deprecated property keys
2021.01.06 21:59:28 INFO  web[][o.s.s.p.w.MasterServletFilter] Initializing servlet filter org.sonar.server.platform.web.WebServiceFilter@28dab746 [pattern=UrlPattern{inclusions=[/api/issues/delete_comment.*, ...], exclusions=[/api/authentication/login.*, ...]}]
2021.01.06 21:59:28 INFO  web[][o.s.s.p.w.MasterServletFilter] Initializing servlet filter org.sonar.server.platform.web.WebServiceReroutingFilter@4865a83a [pattern=UrlPattern{inclusions=[/api/components/bulk_update_key, ...], exclusions=[]}]
2021.01.06 21:59:28 INFO  web[][o.s.s.p.w.MasterServletFilter] Initializing servlet filter org.sonar.server.authentication.InitFilter@59041306 [pattern=UrlPattern{inclusions=[/sessions/init/*], exclusions=[]}]
2021.01.06 21:59:28 INFO  web[][o.s.s.p.w.MasterServletFilter] Initializing servlet filter org.sonar.server.authentication.OAuth2CallbackFilter@100349 [pattern=UrlPattern{inclusions=[/oauth2/callback/*], exclusions=[]}]
2021.01.06 21:59:28 INFO  web[][o.s.s.p.w.MasterServletFilter] Initializing servlet filter org.sonar.server.authentication.ResetPasswordFilter@1386bbe [pattern=UrlPattern{inclusions=[/*], exclusions=[*.css, ...]}]
2021.01.06 21:59:28 INFO  web[][o.s.s.p.w.MasterServletFilter] Initializing servlet filter org.sonar.server.authentication.ws.LoginAction@7453b339 [pattern=UrlPattern{inclusions=[/api/authentication/login], exclusions=[]}]
2021.01.06 21:59:28 INFO  web[][o.s.s.p.w.MasterServletFilter] Initializing servlet filter org.sonar.server.authentication.ws.LogoutAction@759aebe8 [pattern=UrlPattern{inclusions=[/api/authentication/logout], exclusions=[]}]
2021.01.06 21:59:28 INFO  web[][o.s.s.p.w.MasterServletFilter] Initializing servlet filter org.sonar.server.authentication.ws.ValidateAction@68788598 [pattern=UrlPattern{inclusions=[/api/authentication/validate], exclusions=[]}]
2021.01.06 21:59:28 INFO  web[][o.s.s.q.ProjectsInWarningDaemon] Counting number of projects in warning is not started as there are no projects in this situation.
2021.01.06 21:59:28 INFO  web[][o.s.s.p.p.PlatformLevelStartup] Running Community Edition
2021.01.06 21:59:28 INFO  web[][o.s.s.p.Platform] WebServer is operational
