--- Copying files at Mon Jan  4 21:29:46 UTC 2021
--- Copying files at Mon Jan  4 22:05:37 UTC 2021
--- Copying files at Mon Jan  4 22:07:51 UTC 2021
--- Copying files at Mon Jan  4 22:11:43 UTC 2021
--- Copying files at Tue Jan  5 12:51:36 UTC 2021
--- Copying files at Tue Jan  5 19:26:20 UTC 2021
--- Copying files at Wed Jan  6 20:52:36 UTC 2021
--- Copying files at Wed Jan  6 21:13:00 UTC 2021
--- Copying files at Wed Jan  6 21:22:38 UTC 2021
--- Copying files at Wed Jan  6 21:23:03 UTC 2021
--- Copying files at Wed Jan  6 21:24:53 UTC 2021
--- Copying files at Fri Jan  8 12:06:27 UTC 2021
--- Copying files at Mon Jan 11 18:40:58 UTC 2021
--- Copying files at Mon Jan 11 18:41:17 UTC 2021
--- Copying files at Mon Jan 11 19:05:57 UTC 2021
--- Copying files at Mon Jan 11 19:11:51 UTC 2021
--- Copying files at Mon Jan 11 19:30:36 UTC 2021
--- Copying files at Mon Jan 11 20:53:50 UTC 2021
--- Copying files at Mon Jan 11 21:08:48 UTC 2021
--- Copying files at Mon Jan 11 21:12:31 UTC 2021
--- Copying files at Mon Jan 11 21:16:08 UTC 2021
--- Copying files at Mon Jan 11 21:17:35 UTC 2021
--- Copying files at Mon Jan 11 21:26:20 UTC 2021
--- Copying files at Mon Jan 11 21:30:12 UTC 2021
--- Copying files at Mon Jan 11 21:32:32 UTC 2021
--- Copying files at Mon Jan 11 21:37:07 UTC 2021
--- Copying files at Tue Jan 12 13:03:43 UTC 2021
--- Copying files at Tue Jan 12 13:03:55 UTC 2021
--- Copying files at Tue Jan 12 13:56:42 UTC 2021
--- Copying files at Tue Jan 12 14:40:49 UTC 2021
--- Copying files at Thu Jan 14 13:57:59 UTC 2021
--- Copying files at Thu Jan 14 14:06:05 UTC 2021
--- Copying files at Thu Jan 14 14:09:38 UTC 2021
--- Copying files at Thu Jan 14 18:41:15 UTC 2021
--- Copying files at Fri Jan 15 20:29:44 UTC 2021
