2021.01.05 13:11:26 INFO  app[][o.s.a.AppFileSystem] Cleaning or creating temp directory /opt/sonarqube/temp
2021.01.05 13:11:26 INFO  app[][o.s.a.es.EsSettings] Elasticsearch listening on [HTTP: 127.0.0.1:9001, TCP: 127.0.0.1:34433]
2021.01.05 13:11:27 INFO  app[][o.s.a.ProcessLauncherImpl] Launch process[[key='es', ipcIndex=1, logFilenamePrefix=es]] from [/opt/sonarqube/elasticsearch]: /opt/sonarqube/elasticsearch/bin/elasticsearch
2021.01.05 13:11:27 INFO  app[][o.s.a.SchedulerImpl] Waiting for Elasticsearch to be up and running
2021.01.05 13:11:39 INFO  app[][o.s.a.SchedulerImpl] Process[es] is up
2021.01.05 13:11:39 INFO  app[][o.s.a.ProcessLauncherImpl] Launch process[[key='web', ipcIndex=2, logFilenamePrefix=web]] from [/opt/sonarqube]: /opt/java/openjdk/bin/java -Djava.awt.headless=true -Dfile.encoding=UTF-8 -Djava.io.tmpdir=/opt/sonarqube/temp -XX:-OmitStackTraceInFastThrow --add-opens=java.base/java.util=ALL-UNNAMED --add-opens=java.base/java.lang=ALL-UNNAMED --add-opens=java.base/java.io=ALL-UNNAMED --add-opens=java.rmi/sun.rmi.transport=ALL-UNNAMED -Xmx512m -Xms128m -XX:+HeapDumpOnOutOfMemoryError -Dhttp.nonProxyHosts=localhost|127.*|[::1] -cp ./lib/common/*:/opt/sonarqube/lib/jdbc/h2/h2-1.4.199.jar org.sonar.server.app.WebServer /opt/sonarqube/temp/sq-process3304250540302607543properties
2021.01.05 13:12:28 INFO  app[][o.s.a.SchedulerImpl] Process[web] is up
2021.01.05 13:12:28 INFO  app[][o.s.a.ProcessLauncherImpl] Launch process[[key='ce', ipcIndex=3, logFilenamePrefix=ce]] from [/opt/sonarqube]: /opt/java/openjdk/bin/java -Djava.awt.headless=true -Dfile.encoding=UTF-8 -Djava.io.tmpdir=/opt/sonarqube/temp -XX:-OmitStackTraceInFastThrow --add-opens=java.base/java.util=ALL-UNNAMED -Xmx512m -Xms128m -XX:+HeapDumpOnOutOfMemoryError -Dhttp.nonProxyHosts=localhost|127.*|[::1] -cp ./lib/common/*:/opt/sonarqube/lib/jdbc/h2/h2-1.4.199.jar org.sonar.ce.app.CeServer /opt/sonarqube/temp/sq-process2302039175415781991properties
2021.01.05 13:12:31 INFO  app[][o.s.a.SchedulerImpl] Process[ce] is up
2021.01.05 13:12:31 INFO  app[][o.s.a.SchedulerImpl] SonarQube is up
2021.01.05 13:32:02 INFO  app[][o.s.a.SchedulerImpl] Stopping SonarQube
2021.01.05 13:32:02 INFO  app[][o.s.a.SchedulerImpl] Process[ce] is stopped
2021.01.05 13:32:03 INFO  app[][o.s.a.SchedulerImpl] Process[web] is stopped
2021.01.05 13:32:03 INFO  app[][o.s.a.SchedulerImpl] Process[es] is stopped
2021.01.05 13:32:03 INFO  app[][o.s.a.SchedulerImpl] SonarQube is stopped
2021.01.05 13:32:03 WARN  app[][o.s.a.p.AbstractManagedProcess] Process exited with exit value [es]: 143
2021.01.05 13:32:20 INFO  app[][o.s.a.AppFileSystem] Cleaning or creating temp directory /opt/sonarqube/temp
2021.01.05 13:32:20 INFO  app[][o.s.a.es.EsSettings] Elasticsearch listening on [HTTP: 127.0.0.1:9001, TCP: 127.0.0.1:40353]
2021.01.05 13:32:20 INFO  app[][o.s.a.ProcessLauncherImpl] Launch process[[key='es', ipcIndex=1, logFilenamePrefix=es]] from [/opt/sonarqube/elasticsearch]: /opt/sonarqube/elasticsearch/bin/elasticsearch
2021.01.05 13:32:20 INFO  app[][o.s.a.SchedulerImpl] Waiting for Elasticsearch to be up and running
2021.01.05 13:32:36 INFO  app[][o.s.a.SchedulerImpl] Process[es] is up
2021.01.05 13:32:36 INFO  app[][o.s.a.ProcessLauncherImpl] Launch process[[key='web', ipcIndex=2, logFilenamePrefix=web]] from [/opt/sonarqube]: /opt/java/openjdk/bin/java -Djava.awt.headless=true -Dfile.encoding=UTF-8 -Djava.io.tmpdir=/opt/sonarqube/temp -XX:-OmitStackTraceInFastThrow --add-opens=java.base/java.util=ALL-UNNAMED --add-opens=java.base/java.lang=ALL-UNNAMED --add-opens=java.base/java.io=ALL-UNNAMED --add-opens=java.rmi/sun.rmi.transport=ALL-UNNAMED -Xmx512m -Xms128m -XX:+HeapDumpOnOutOfMemoryError -Dhttp.nonProxyHosts=localhost|127.*|[::1] -cp ./lib/common/*:/opt/sonarqube/lib/jdbc/h2/h2-1.4.199.jar org.sonar.server.app.WebServer /opt/sonarqube/temp/sq-process12802990400227824039properties
2021.01.05 13:33:04 INFO  app[][o.s.a.SchedulerImpl] Process[web] is up
2021.01.05 13:33:04 INFO  app[][o.s.a.ProcessLauncherImpl] Launch process[[key='ce', ipcIndex=3, logFilenamePrefix=ce]] from [/opt/sonarqube]: /opt/java/openjdk/bin/java -Djava.awt.headless=true -Dfile.encoding=UTF-8 -Djava.io.tmpdir=/opt/sonarqube/temp -XX:-OmitStackTraceInFastThrow --add-opens=java.base/java.util=ALL-UNNAMED -Xmx512m -Xms128m -XX:+HeapDumpOnOutOfMemoryError -Dhttp.nonProxyHosts=localhost|127.*|[::1] -cp ./lib/common/*:/opt/sonarqube/lib/jdbc/h2/h2-1.4.199.jar org.sonar.ce.app.CeServer /opt/sonarqube/temp/sq-process4638091358558929897properties
2021.01.05 13:33:07 INFO  app[][o.s.a.SchedulerImpl] Process[ce] is up
2021.01.05 13:33:07 INFO  app[][o.s.a.SchedulerImpl] SonarQube is up
2021.01.05 13:36:45 INFO  app[][o.s.a.SchedulerImpl] Stopping SonarQube
2021.01.05 13:36:45 INFO  app[][o.s.a.SchedulerImpl] Process[ce] is stopped
2021.01.05 13:36:46 INFO  app[][o.s.a.SchedulerImpl] Process[web] is stopped
2021.01.05 13:36:46 WARN  app[][o.s.a.p.AbstractManagedProcess] Process exited with exit value [es]: 143
2021.01.05 13:36:46 INFO  app[][o.s.a.SchedulerImpl] Process[es] is stopped
2021.01.05 13:36:46 INFO  app[][o.s.a.SchedulerImpl] SonarQube is stopped
2021.01.05 13:36:57 INFO  app[][o.s.a.AppFileSystem] Cleaning or creating temp directory /opt/sonarqube/temp
2021.01.05 13:36:57 INFO  app[][o.s.a.es.EsSettings] Elasticsearch listening on [HTTP: 127.0.0.1:9001, TCP: 127.0.0.1:39027]
2021.01.05 13:36:58 INFO  app[][o.s.a.ProcessLauncherImpl] Launch process[[key='es', ipcIndex=1, logFilenamePrefix=es]] from [/opt/sonarqube/elasticsearch]: /opt/sonarqube/elasticsearch/bin/elasticsearch
2021.01.05 13:36:58 INFO  app[][o.s.a.SchedulerImpl] Waiting for Elasticsearch to be up and running
2021.01.05 13:37:12 INFO  app[][o.s.a.SchedulerImpl] Process[es] is up
2021.01.05 13:37:12 INFO  app[][o.s.a.ProcessLauncherImpl] Launch process[[key='web', ipcIndex=2, logFilenamePrefix=web]] from [/opt/sonarqube]: /opt/java/openjdk/bin/java -Djava.awt.headless=true -Dfile.encoding=UTF-8 -Djava.io.tmpdir=/opt/sonarqube/temp -XX:-OmitStackTraceInFastThrow --add-opens=java.base/java.util=ALL-UNNAMED --add-opens=java.base/java.lang=ALL-UNNAMED --add-opens=java.base/java.io=ALL-UNNAMED --add-opens=java.rmi/sun.rmi.transport=ALL-UNNAMED -Xmx512m -Xms128m -XX:+HeapDumpOnOutOfMemoryError -Dhttp.nonProxyHosts=localhost|127.*|[::1] -cp ./lib/common/*:/opt/sonarqube/lib/jdbc/h2/h2-1.4.199.jar org.sonar.server.app.WebServer /opt/sonarqube/temp/sq-process14741790115561831954properties
2021.01.05 13:37:39 INFO  app[][o.s.a.SchedulerImpl] Process[web] is up
2021.01.05 13:37:39 INFO  app[][o.s.a.ProcessLauncherImpl] Launch process[[key='ce', ipcIndex=3, logFilenamePrefix=ce]] from [/opt/sonarqube]: /opt/java/openjdk/bin/java -Djava.awt.headless=true -Dfile.encoding=UTF-8 -Djava.io.tmpdir=/opt/sonarqube/temp -XX:-OmitStackTraceInFastThrow --add-opens=java.base/java.util=ALL-UNNAMED -Xmx512m -Xms128m -XX:+HeapDumpOnOutOfMemoryError -Dhttp.nonProxyHosts=localhost|127.*|[::1] -cp ./lib/common/*:/opt/sonarqube/lib/jdbc/h2/h2-1.4.199.jar org.sonar.ce.app.CeServer /opt/sonarqube/temp/sq-process2424369261095532023properties
2021.01.05 13:37:42 INFO  app[][o.s.a.SchedulerImpl] Process[ce] is up
2021.01.05 13:37:42 INFO  app[][o.s.a.SchedulerImpl] SonarQube is up
